#
# A fatal error has been detected by the Java Runtime Environment:
#
#  EXCEPTION_ILLEGAL_INSTRUCTION (0xc000001d) at pc=0x0000026207bac17d, pid=5664, tid=12664
#
# JRE version: Java(TM) SE Runtime Environment (15.0.1+9) (build 15.0.1+9-18)
# Java VM: Java HotSpot(TM) 64-Bit Server VM (15.0.1+9-18, mixed mode, sharing, tiered, compressed oops, g1 gc, windows-amd64)
# Problematic frame:
# J 1568 c2 sun.java2d.marlin.DRenderer.dispose()V java.desktop@15.0.1 (363 bytes) @ 0x0000026207bac17d [0x0000026207baa380+0x0000000000001dfd]
#
# No core dump will be written. Minidumps are not enabled by default on client versions of Windows
#
# If you would like to submit a bug report, please visit:
#   https://bugreport.java.com/bugreport/crash.jsp
#

---------------  S U M M A R Y ------------

Command Line: -Dfile.encoding=Cp1252 -XX:+ShowCodeDetailsInExceptionMessages infrastructure.Main

Host: AMD Ryzen 5 2600 Six-Core Processor            , 12 cores, 15G,  Windows 10 , 64 bit Build 19041 (10.0.19041.546)
Time: Tue Nov 10 17:46:33 2020 Mitteleuropäische Zeit elapsed time: 789.279211 seconds (0d 0h 13m 9s)

---------------  T H R E A D  ---------------

Current thread (0x00000262192f6910):  JavaThread "AWT-EventQueue-0" [_thread_in_Java, id=12664, stack(0x00000085e5d10000,0x00000085e5e10000)]

Stack: [0x00000085e5d10000,0x00000085e5e10000],  sp=0x00000085e5e0e660,  free space=1017k
Native frames: (J=compiled Java code, j=interpreted, Vv=VM code, C=native code)
C  0x0000026207bac17d


siginfo: EXCEPTION_ILLEGAL_INSTRUCTION (0xc000001d)


Register to memory mapping:

RIP=0x0000026207bac17d is at entry_point+7677 in (nmethod*)0x0000026207baa190
RAX=0x0000000010c1cac5 is an unknown value
RBX=0x000000070100cdc0 is an oop: [B 
{0x000000070100cdc0} - klass: {type array byte}
 - length: 23
RCX=0x0000000000000017 is an unknown value
RDX=0x0000000000000016 is an unknown value
RSP=0x00000085e5e0e660 is pointing into the stack for thread: 0x00000262192f6910
RBP=0x0 is NULL
RSI=0x0000000000000015 is an unknown value
RDI=0x0000000000800000 is an unknown value
R8 =0x0000000710c1bad0 is an oop: java.lang.String 
{0x0000000710c1bad0} - klass: 'java/lang/String'
R9 =0x0000000000000017 is an unknown value
R10=0x0000000710c1baa8 is an oop: [B 
{0x0000000710c1baa8} - klass: {type array byte}
 - length: 23
R11=0x0000000710c1bab8 is pointing into object: [B 
{0x0000000710c1baa8} - klass: {type array byte}
 - length: 23
R12=0x0 is NULL
R13=0x0000000000000016 is an unknown value
R14=0x0000000701007fb8 is an oop: java.util.Locale 
{0x0000000701007fb8} - klass: 'java/util/Locale'
R15=0x00000262192f6910 is a thread


Registers:
RAX=0x0000000010c1cac5, RBX=0x000000070100cdc0, RCX=0x0000000000000017, RDX=0x0000000000000016
RSP=0x00000085e5e0e660, RBP=0x0000000000000000, RSI=0x0000000000000015, RDI=0x0000000000800000
R8 =0x0000000710c1bad0, R9 =0x0000000000000017, R10=0x0000000710c1baa8, R11=0x0000000710c1bab8
R12=0x0000000000000000, R13=0x0000000000000016, R14=0x0000000701007fb8, R15=0x00000262192f6910
RIP=0x0000026207bac17d, EFLAGS=0x0000000000010206

Top of Stack: (sp=0x00000085e5e0e660)
0x00000085e5e0e660:   407cc80000000000 4044400000000000
0x00000085e5e0e670:   000000000000015c 0000000701138310
0x00000085e5e0e680:   0000000710c1b9c0 00000007010cf118
0x00000085e5e0e690:   0000000200000000 000000070100cda8
0x00000085e5e0e6a0:   0000000710c1b9a8 1467dc4800000001
0x00000085e5e0e6b0:   0000000500000000 0000000710c1ba90
0x00000085e5e0e6c0:   00000000e0233294 00000262e0202b36
0x00000085e5e0e6d0:   0000000000000000 00000007010d8bb0
0x00000085e5e0e6e0:   00024a000001cc00 000000070100cd88
0x00000085e5e0e6f0:   0000000000000079 000002620003e37a
0x00000085e5e0e700:   0000000710c1b8d0 0000026207bfe2f0
0x00000085e5e0e710:   0000000701192430 0000000000000530
0x00000085e5e0e720:   0000000710c1b5f0 0000000000000400
0x00000085e5e0e730:   0000000710c1b470 00000262192f6910
0x00000085e5e0e740:   0000000000000000 0000000710c1b868
0x00000085e5e0e750:   0000000000000000 0000000710c1b938 

Instructions: (pc=0x0000026207bac17d)
0x0000026207bac07d:   0b f7 0b 00 c7 09 03 1b c8 04 00 00 04 00 e8 04
0x0000026207bac08d:   00 e1 05 00 c1 05 01 00 d1 0d 04 05 d9 0d 00 00
0x0000026207bac09d:   05 00 c8 03 00 00 00 e1 06 01 00 00 c1 06 02 00
0x0000026207bac0ad:   e1 05 00 c1 05 e5 0d 05 0e ed 0d fb 0d 00 c1 0a
0x0000026207bac0bd:   03 1b c8 04 00 00 cb 0e 04 05 d9 0d 00 00 d3 0e
0x0000026207bac0cd:   05 0e ed 0d fb 0d 00 04 00 e8 04 00 c1 05 00 e1
0x0000026207bac0dd:   05 01 00 d1 0d 04 05 e4 0e 00 00 05 00 c8 03 00
0x0000026207bac0ed:   e1 06 00 c1 07 01 00 00 00 f0 0e 05 05 f8 0e 00
0x0000026207bac0fd:   00 03 00 c1 06 00 c1 05 00 e1 05 02 00 c1 05 00
0x0000026207bac10d:   e1 05 c6 0f 09 03 ce 0f d8 0f 00 01 00 c1 05 c6
0x0000026207bac11d:   0f 09 30 ce 0f e8 0f 00 05 00 c8 03 00 c1 05 00
0x0000026207bac12d:   c1 06 01 00 00 00 f0 0e 05 05 f5 0f 00 00 03 00
0x0000026207bac13d:   00 00 00 00 e1 05 02 00 e1 05 00 c1 07 c3 10 09
0x0000026207bac14d:   3e cb 10 d3 10 00 cb 0e 04 05 e4 0e 00 00 e3 10
0x0000026207bac15d:   05 05 f8 0e 00 00 eb 10 09 03 ce 0f d8 0f 00 eb
0x0000026207bac16d:   10 09 30 ce 0f e8 0f 00 e3 10 05 05 f5 0f 00 00
0x0000026207bac17d:   c5 11 09 3e cb 10 d3 10 00 03 00 00 02 00 00 d8
0x0000026207bac18d:   02 00 01 7b ef 02 d6 11 00 00 01 7b ef 02 ef 02
0x0000026207bac19d:   00 04 00 00 00 00 00 00 02 00 e6 11 02 05 0a ee
0x0000026207bac1ad:   11 00 00 01 8a ef 02 d6 11 00 00 01 8a ef 02 ef
0x0000026207bac1bd:   02 00 c7 12 02 05 0a ee 11 00 00 01 99 ef 02 d6
0x0000026207bac1cd:   11 00 00 01 99 ef 02 ef 02 00 df 12 02 05 0a ee
0x0000026207bac1dd:   11 00 00 01 a8 ef 02 d6 11 00 00 01 a8 ef 02 ef
0x0000026207bac1ed:   02 00 f7 12 02 05 0a ee 11 00 05 00 00 02 00 00
0x0000026207bac1fd:   d8 02 01 00 01 00 00 01 b9 ef 02 c7 13 00 00 01
0x0000026207bac20d:   b9 ef 02 ef 02 00 04 00 00 00 00 00 00 00 00 01
0x0000026207bac21d:   02 00 db 13 03 02 e3 13 ec 13 00 00 01 ca 00 ef
0x0000026207bac22d:   02 c7 13 00 00 01 ca 00 ef 02 ef 02 00 c1 14 03
0x0000026207bac23d:   02 e3 13 ec 13 00 00 01 dd 00 ef 02 ec 13 00 05
0x0000026207bac24d:   00 00 02 00 00 d8 02 00 c1 01 00 c1 07 00 01 c6
0x0000026207bac25d:   01 ef 02 dc 14 00 00 01 c6 01 ef 02 ef 02 00 f3
0x0000026207bac26d:   14 03 02 e3 13 ec 13 00 05 00 00 02 00 00 d8 02 


Stack slot to memory mapping:
stack at sp + 0 slots: 0x407cc80000000000 is an unknown value
stack at sp + 1 slots: 0x4044400000000000 is an unknown value
stack at sp + 2 slots: 0x000000000000015c is an unknown value
stack at sp + 3 slots: 0x0000000701138310 is an oop: sun.java2d.marlin.DStroker 
{0x0000000701138310} - klass: 'sun/java2d/marlin/DStroker'
stack at sp + 4 slots: 0x0000000710c1b9c0 is an oop: [B 
{0x0000000710c1b9c0} - klass: {type array byte}
 - length: 29
stack at sp + 5 slots: 0x00000007010cf118 is an oop: sun.awt.Win32FontManager 
{0x00000007010cf118} - klass: 'sun/awt/Win32FontManager'
stack at sp + 6 slots: 0x0000000200000000 is an unknown value
stack at sp + 7 slots: 0x000000070100cda8 is an oop: java.lang.String 
{0x000000070100cda8} - klass: 'java/lang/String'

--------------------------------------------------------------------------------
[Constant Pool (empty)]

--------------------------------------------------------------------------------

[MachCode]
  0x0000026207baa380: 448b 5208 | 49c1 e203 | 49bb 0000 | 0000 0800 | 0000 4d03 | d349 3bc2 | 0f85 6220 | 4af8 6690 
  0x0000026207baa3a0: 8984 2400 | 90ff ff55 | 4883 ec70 | 488b da8b | 4a7c 448b | 928c 0000 | 0047 0fb6 | 5cd4 0c41 
  0x0000026207baa3c0: 8b74 cc0c | 81fe 0000 | 0001 0f8f | 1612 0000 | c5f5 efc9 | 4585 db0f | 85e0 0a00 | 0041 bd03 
  0x0000026207baa3e0: 0000 0047 | 8b74 d410 | 413b ce0f | 8517 1200 | 0041 807f | 3000 0f85 | 050c 0000 | 4489 737c 
  0x0000026207baa400: 4c8b d34d | 8bde 49c1 | e303 4d33 | da49 c1eb | 154d 85db | 741f 4585 | f674 1a49 | c1ea 0948 
  0x0000026207baa420: b900 800e | 7362 0200 | 0049 03ca | 8039 080f | 8599 0d00 | 008b 8b94 | 0000 0044 | 8b83 8000 
  0x0000026207baa440: 0000 450f | b654 cc0c | 438b 7cc4 | 0c81 ff00 | 0000 010f | 8fcf 1100 | 0045 85d2 | 0f85 f908 
  0x0000026207baa460: 0000 49be | 0080 0e73 | 6202 0000 | 418b 6ccc | 1044 3bc5 | 0f85 ce11 | 0000 4180 | 7f30 000f 
  0x0000026207baa480: 85b3 0b00 | 0089 ab80 | 0000 004c | 8bd5 49c1 | e203 4c8b | db4d 33d3 | 49c1 ea15 | 4d85 d274 
  0x0000026207baa4a0: 1e85 ed74 | 1a49 c1eb | 0948 b900 | 800e 7362 | 0200 0049 | 03cb 8039 | 080f 8564 | 0d00 0044 
  0x0000026207baa4c0: 8b83 9000 | 0000 448b | 8b84 0000 | 0047 0fb6 | 5cc4 0c43 | 8b74 cc0c | 81fe 0000 | 0001 0f8f 
  0x0000026207baa4e0: 8011 0000 | 4585 db0f | 8418 0100 | 0085 f60f | 8610 0100 | 0044 8bd6 | 41ff ca44 | 3bd6 0f83 
  0x0000026207baa500: b013 0000 | 4b8d 14cc | 8bfa c1ef | 0283 e707 | b903 0000 | 002b cf83 | e107 ffc1 | 3bce 0f4f 
  0x0000026207baa520: ce45 33db | 4689 649a | 1041 ffc3 | 443b d97c | f38b ce83 | c1c1 443b | d1bf 0000 | 0080 0f4c 
  0x0000026207baa540: cf44 3bd9 | 0f8d a900 | 0000 488b | c34b 8d1c | c48b e941 | 2beb 33ff | 413b cb0f | 4cef 81fd 
  0x0000026207baa560: 00fa 0000 | bf00 fa00 | 000f 47ef | 4103 eb90 | c4a1 7e7f | 4c9a 10c4 | a17e 7f4c | 9a30 c4a1 
  0x0000026207baa580: 7e7f 4c9a | 50c4 a17e | 7f4c 9a70 | c4a1 7e7f | 8c9a 9000 | 0000 c4a1 | 7e7f 8c9a | b000 0000 
  0x0000026207baa5a0: c4a1 7e7f | 8c9a d000 | 0000 c4a1 | 7e7f 8c9a | f000 0000 | 4183 c340 | 443b dd7c | b349 8bbf 
  0x0000026207baa5c0: 1001 0000 | 8507 443b | d97c 868b | ce83 c1f9 | 443b d1bb | 0000 0080 | 0f4c cb44 | 3bd9 7d10 
  0x0000026207baa5e0: c4a1 7e7f | 4c9a 1041 | 83c3 0844 | 3bd9 7cf0 | 488b d844 | 3bde 7d0d | 4689 649a | 1041 ffc3 
  0x0000026207baa600: 443b de7c | f343 8b6c | c410 443b | cd0f 8571 | 1000 0041 | 807f 3000 | 0f85 540a | 0000 89ab 
  0x0000026207baa620: 8400 0000 | 4c8b d549 | c1e2 034c | 8bdb 4d33 | d349 c1ea | 154d 85d2 | 741e 85ed | 741a 49c1 
  0x0000026207baa640: eb09 48b9 | 0080 0e73 | 6202 0000 | 4903 cb80 | 3908 0f85 | 200c 0000 | 8b8b 9800 | 0000 448b 
  0x0000026207baa660: 8388 0000 | 0045 0fb6 | 54cc 0c43 | 8b7c c40c | 81ff 0000 | 0001 0f8f | 2410 0000 | 4585 d20f 
  0x0000026207baa680: 8440 0100 | 0085 ff0f | 8638 0100 | 0044 8bd7 | 41ff ca44 | 3bd7 0f83 | 4412 0000 | 4b8d 04c4 
  0x0000026207baa6a0: 448b d841 | c1eb 0241 | 83e3 07ba | 0300 0000 | 412b d383 | e207 ffc2 | 3bd7 0f4f | d745 33db 
  0x0000026207baa6c0: 4689 6498 | 1041 ffc3 | 443b da7c | f344 8bcf | 4183 c1c1 | 453b d1ba | 0000 0080 | 440f 4cca 
  0x0000026207baa6e0: 453b d90f | 8dc7 0000 | 00c4 c1f9 | 6ec6 4c8b | f349 8d1c | cc41 8bd1 | 412b d333 | ed45 3bcb 
  0x0000026207baa700: 0f4c d581 | fa00 fa00 | 00be 00fa | 0000 0f47 | d641 03d3 | 660f 1f44 | 0000 660f | 1f44 0000 
  0x0000026207baa720: c4a1 7e7f | 4c98 10c4 | a17e 7f4c | 9830 c4a1 | 7e7f 4c98 | 50c4 a17e | 7f4c 9870 | c4a1 7e7f 
  0x0000026207baa740: 8c98 9000 | 0000 c4a1 | 7e7f 8c98 | b000 0000 | c4a1 7e7f | 8c98 d000 | 0000 c4a1 | 7e7f 8c98 
  0x0000026207baa760: f000 0000 | 4183 c340 | 443b da7c | b349 8b97 | 1001 0000 | 8502 453b | d90f 8c76 | ffff ff8b 
  0x0000026207baa780: df83 c3f9 | 443b d341 | ba00 0000 | 8041 0f4c | da44 3bdb | 7d12 6690 | c4a1 7e7f | 4c98 1041 
  0x0000026207baa7a0: 83c3 0844 | 3bdb 7cf0 | 498b dec4 | c1f9 7ec6 | 443b df7d | 1066 6690 | 4689 6498 | 1041 ffc3 
  0x0000026207baa7c0: 443b df7c | f341 8b6c | cc10 443b | c50f 85ed | 0e00 0041 | 807f 3000 | 0f85 ce08 | 0000 89ab 
  0x0000026207baa7e0: 8800 0000 | 4c8b d549 | c1e2 034c | 8bdb 4d33 | d349 c1ea | 154d 85d2 | 741e 85ed | 741a 49c1 
  0x0000026207baa800: eb09 48b9 | 0080 0e73 | 6202 0000 | 4903 cb80 | 3908 0f85 | b50a 0000 | 448b 93c0 | 0000 0044 
  0x0000026207baa820: 8b83 bc00 | 0000 438b | 6cd4 1047 | 8b5c c40c | 4181 fb00 | 0000 010f | 8f9f 0e00 | 0044 3bc5 
  0x0000026207baa840: 0f85 ba0e | 0000 4180 | 7f30 000f | 8595 0800 | 0089 abbc | 0000 004c | 8bd5 49c1 | e203 4c8b 
  0x0000026207baa860: db4d 33d3 | 49c1 ea15 | 4d85 d274 | 1e85 ed74 | 1a49 c1eb | 0948 b900 | 800e 7362 | 0200 0049 
  0x0000026207baa880: 03cb 8039 | 080f 8597 | 0a00 0044 | 8b93 c800 | 0000 448b | 83c4 0000 | 0043 8b6c | d410 478b 
  0x0000026207baa8a0: 5cc4 0c41 | 81fb 0000 | 0001 0f8f | 6c0e 0000 | 443b c50f | 8587 0e00 | 0041 807f | 3000 0f85 
  0x0000026207baa8c0: 5c08 0000 | 89ab c400 | 0000 4c8b | d549 c1e2 | 034c 8bdb | 4d33 d349 | c1ea 154d | 85d2 741e 
  0x0000026207baa8e0: 85ed 741a | 49c1 eb09 | 48b9 0080 | 0e73 6202 | 0000 4903 | cb80 3908 | 0f85 790a | 0000 448b 
  0x0000026207baa900: 5344 4181 | faff ffff | 7f0f 844d | 0e00 0044 | 8b93 b400 | 0000 470f | b654 d40d | 4585 d20f 
  0x0000026207baa920: 854f 0e00 | 0044 8b53 | 4c44 8b9b | a800 0000 | 448b 83a0 | 0000 008b | 4b50 894c | 2450 430f 
  0x0000026207baa940: b64c dc0c | 478b 4cc4 | 0c41 81f9 | 0000 0001 | 0f8f 360e | 0000 85c9 | 0f84 6701 | 0000 8b7c 
  0x0000026207baa960: 2450 85ff | 0f84 5b01 | 0000 443b | d70f 8f01 | 1000 0045 | 85d2 0f8c | 2c10 0000 | 8bcf 413b 
  0x0000026207baa980: c90f 8f55 | 1000 0044 | 3bd1 0f8d | 3501 0000 | 453b d10f | 836f 0f00 | 004d 63c9 | 4863 c948 
  0x0000026207baa9a0: ffc9 493b | c90f 835d | 0f00 004b | 8d14 c48b | fac1 ef02 | 83e7 0741 | 03fa 41b9 | 0300 0000 
  0x0000026207baa9c0: 442b cf41 | 83e1 0745 | 03ca 41ff | c144 3b4c | 2450 8b7c | 2450 440f | 4fcf 418b | fa44 8964 
  0x0000026207baa9e0: ba10 ffc7 | 413b f97c | f444 8b4c | 2450 4183 | c1c1 8b4c | 2450 413b | c9b9 0000 | 0080 440f 
  0x0000026207baaa00: 4cc9 413b | f90f 8da7 | 0000 004b | 8d2c dc41 | 8bf1 2bf7 | 33c0 443b | cf0f 4cf0 | 81fe 00fa 
  0x0000026207baaa20: 0000 b900 | fa00 000f | 47f1 03f7 | 0f1f 4000 | c5fe 7f4c | ba10 4863 | cfc5 fe7f | 4c8a 30c5 
  0x0000026207baaa40: fe7f 4c8a | 50c5 fe7f | 4c8a 70c5 | fe7f 8c8a | 9000 0000 | c5fe 7f8c | 8ab0 0000 | 00c5 fe7f 
  0x0000026207baaa60: 8c8a d000 | 0000 c5fe | 7f8c 8af0 | 0000 0083 | c740 3bfe | 7cba 498b | b710 0100 | 0085 0641 
  0x0000026207baaa80: 3bf9 7c8b | 448b 4c24 | 5041 83c1 | f98b 7424 | 5041 3bf1 | be00 0000 | 8044 0f4c | ce41 3bf9 
  0x0000026207baaaa0: 7d10 6690 | c5fe 7f4c | ba10 83c7 | 0841 3bf9 | 7cf2 3b7c | 2450 7d0d | 4489 64ba | 10ff c73b 
  0x0000026207baaac0: 7c24 507c | f343 8b6c | dc10 443b | c50f 85e1 | 0c00 0041 | 807f 3000 | 0f85 7c06 | 0000 89ab 
  0x0000026207baaae0: a000 0000 | 4c8b dd49 | c1e3 034c | 8bc3 4d33 | d849 c1eb | 154d 85db | 741e 85ed | 741a 49c1 
  0x0000026207baab00: e809 48b9 | 0080 0e73 | 6202 0000 | 4903 c880 | 3908 0f85 | b408 0000 | 448b 8bac | 0000 0044 
  0x0000026207baab20: 8b9b a400 | 0000 448b | 4424 5041 | ffc0 430f | b654 cc0c | 438b 4cdc | 0c81 f900 | 0000 010f 
  0x0000026207baab40: 8f8b 0c00 | 0085 d20f | 8457 0100 | 008b 7c24 | 5083 ffff | 0f84 4a01 | 0000 453b | d00f 8fad 
  0x0000026207baab60: 0e00 0045 | 85d2 0f8c | e00e 0000 | 443b c10f | 8f13 0f00 | 0045 3bd0 | 0f8d 2601 | 0000 443b 
  0x0000026207baab80: d10f 83b5 | 0d00 0048 | 63c9 4963 | f848 ffcf | 483b f90f | 83a3 0d00 | 004b 8d34 | dc8b fec1 
  0x0000026207baaba0: ef02 83e7 | 0741 03fa | 442b ef41 | 83e5 0745 | 03ea 41ff | c545 3be8 | 450f 4fe8 | 418b ca44 
  0x0000026207baabc0: 8964 8e10 | ffc1 413b | cd7c f48b | 5424 5083 | c2c2 443b | c2bf 0000 | 0080 0f4c | d73b ca0f 
  0x0000026207baabe0: 8dac 0000 | 0048 8bfb | 4f8d 2ccc | 8bea 2be9 | 33c0 3bd1 | 0f4c e881 | fd00 fa00 | 00bb 00fa 
  0x0000026207baac00: 0000 0f47 | eb03 e966 | 0f1f 8400 | 0000 0000 | c5fe 7f4c | 8e10 4863 | d9c5 fe7f | 4c9e 30c5 
  0x0000026207baac20: fe7f 4c9e | 50c5 fe7f | 4c9e 70c5 | fe7f 8c9e | 9000 0000 | c5fe 7f8c | 9eb0 0000 | 00c5 fe7f 
  0x0000026207baac40: 8c9e d000 | 0000 c5fe | 7f8c 9ef0 | 0000 0083 | c140 3bcd | 7cba 498b | 9f10 0100 | 0085 033b 
  0x0000026207baac60: ca7c 8944 | 8b54 2450 | 4183 c2fa | 453b c2bb | 0000 0080 | 440f 4cd3 | 413b ca7d | 1166 6690 
  0x0000026207baac80: c5fe 7f4c | 8e10 83c1 | 0841 3bca | 7cf2 488b | df41 3bc8 | 7d0e 6690 | 4489 648e | 10ff c141 
  0x0000026207baaca0: 3bc8 7cf4 | 478b 6ccc | 1045 3bdd | 0f85 4a0b | 0000 4180 | 7f30 000f | 85d7 0400 | 0044 89ab 
  0x0000026207baacc0: a400 0000 | 4d8b d549 | c1e2 034c | 8bdb 4d33 | d349 c1ea | 154d 85d2 | 7416 4585 | ed74 1149 
  0x0000026207baace0: c1eb 094d | 03f3 4180 | 3e08 0f85 | 3707 0000 | 448b 9b9c | 0000 004f | 8b54 dc18 | 4981 fa00 
  0x0000026207baad00: 8001 000f | 8517 0b00 | 0044 8b93 | b400 0000 | 470f b644 | d40d 4f89 | 64d4 1847 | 8864 d40f 
  0x0000026207baad20: 4789 64d4 | 1447 8864 | d40e 4585 | c00f 8519 | 0b00 0047 | 0fbe 44d4 | 0c41 83f8 | 010f 8555 
  0x0000026207baad40: 0700 0047 | 8864 d40c | c5f8 7748 | 83c4 705d | 4d8b 9710 | 0100 0041 | 8502 c385 | ff0f 864b 
  0x0000026207baad60: 0100 0044 | 8bd7 41ff | ca44 3bd7 | 0f83 1a0b | 0000 4b8d | 04c4 448b | d841 c1eb | 0241 83e3 
  0x0000026207baad80: 07ba 0300 | 0000 412b | d383 e207 | ffc2 3bd7 | 0f4f d745 | 33db 49be | 0080 0e73 | 6202 0000 
  0x0000026207baada0: 4689 6498 | 1041 ffc3 | 443b da7c | f344 8bcf | 4183 c1c1 | 453b d1ba | 0000 0080 | 440f 4cca 
  0x0000026207baadc0: 453b d90f | 8dc7 0000 | 00c4 c1f9 | 6ec6 4c8b | f349 8d1c | cc41 8bd1 | 412b d333 | ed45 3bcb 
  0x0000026207baade0: 0f4c d581 | fa00 fa00 | 00be 00fa | 0000 0f47 | d641 03d3 | 660f 1f44 | 0000 660f | 1f44 0000 
  0x0000026207baae00: c4a1 7e7f | 4c98 10c4 | a17e 7f4c | 9830 c4a1 | 7e7f 4c98 | 50c4 a17e | 7f4c 9870 | c4a1 7e7f 
  0x0000026207baae20: 8c98 9000 | 0000 c4a1 | 7e7f 8c98 | b000 0000 | c4a1 7e7f | 8c98 d000 | 0000 c4a1 | 7e7f 8c98 
  0x0000026207baae40: f000 0000 | 4183 c340 | 443b da7c | b349 8b97 | 1001 0000 | 8502 453b | d90f 8c76 | ffff ff8b 
  0x0000026207baae60: df83 c3f9 | 443b d341 | ba00 0000 | 8041 0f4c | da44 3bdb | 7d12 6690 | c4a1 7e7f | 4c98 1041 
  0x0000026207baae80: 83c3 0844 | 3bdb 7cf0 | 498b dec4 | c1f9 7ec6 | 443b df0f | 8dd3 f5ff | ff66 6690 | 4689 6498 
  0x0000026207baaea0: 1041 ffc3 | 443b df7c | f3e9 bef5 | ffff 49be | 0080 0e73 | 6202 0000 | e9af f5ff | ff85 f60f 
  0x0000026207baaec0: 8631 0100 | 0044 8bde | 41ff cb44 | 3bde 0f83 | 9009 0000 | 498d 14cc | 448b ca41 | c1e9 0241 
  0x0000026207baaee0: 83e1 07bf | 0300 0000 | 412b f983 | e707 ffc7 | 3bfe 0f4f | fe45 33c0 | 41bd 0300 | 0000 4689 
  0x0000026207baaf00: 6482 1041 | ffc0 443b | c77c f344 | 8bce 4183 | c1c1 453b | d9b8 0000 | 0080 440f | 4cc8 453b 
  0x0000026207baaf20: c10f 8db4 | 0000 004b | 8d04 d44c | 8bf3 418b | d941 2bd8 | 33ed 453b | c80f 4cdd | 81fb 00fa 
  0x0000026207baaf40: 0000 bf00 | fa00 000f | 47df 4103 | d866 6690 | c4a1 7e7f | 4c82 10c4 | a17e 7f4c | 8230 c4a1 
  0x0000026207baaf60: 7e7f 4c82 | 50c4 a17e | 7f4c 8270 | c4a1 7e7f | 8c82 9000 | 0000 c4a1 | 7e7f 8c82 | b000 0000 
  0x0000026207baaf80: c4a1 7e7f | 8c82 d000 | 0000 c4a1 | 7e7f 8c82 | f000 0000 | 4183 c040 | 443b c37c | b349 8b9f 
  0x0000026207baafa0: 1001 0000 | 8503 453b | c10f 8c7f | ffff ff44 | 8bce 4183 | c1f9 453b | d9bb 0000 | 0080 440f 
  0x0000026207baafc0: 4ccb 453b | c17d 1190 | c4a1 7e7f | 4c82 1041 | 83c0 0845 | 3bc1 7cf0 | 498b de44 | 3bc6 0f8d 
  0x0000026207baafe0: fff3 ffff | 4689 6482 | 1041 ffc0 | 443b c67c | f3e9 edf3 | ffff 41bd | 0300 0000 | e9e2 f3ff 
  0x0000026207bab000: ff44 8b5b | 7c45 85db | 0f84 eef3 | ffff 4d8b | 5738 498b | cb48 c1e1 | 034d 85d2 | 0f84 5204 
  0x0000026207bab020: 0000 4d8b | 5f48 4b89 | 4c13 f849 | 83c2 f84d | 8957 38e9 | c4f3 ffff | 448b 9380 | 0000 0045 
  0x0000026207bab040: 85d2 0f84 | 3df4 ffff | 4d8b 5f38 | 498b ca48 | c1e1 034d | 85db 0f84 | 5404 0000 | 4d8b 5748 
  0x0000026207bab060: 4b89 4c1a | f849 83c3 | f84d 895f | 38e9 13f4 | ffff 448b | 9b84 0000 | 0045 85db | 0f84 9cf5 
  0x0000026207bab080: ffff 4d8b | 5738 498b | cb48 c1e1 | 034d 85d2 | 0f84 4804 | 0000 4d8b | 5f48 4b89 | 4c13 f849 
  0x0000026207bab0a0: 83c2 f84d | 8957 38e9 | 72f5 ffff | 448b 9388 | 0000 0045 | 85d2 0f84 | 22f7 ffff | 4d8b 5f38 
  0x0000026207bab0c0: 498b ca48 | c1e1 034d | 85db 0f84 | 3c04 0000 | 4d8b 5748 | 4b89 4c1a | f849 83c3 | f84d 895f 
  0x0000026207bab0e0: 38e9 f8f6 | ffff 448b | 93bc 0000 | 0045 85d2 | 0f84 5bf7 | ffff 4d8b | 5f38 498b | ca48 c1e1 
  0x0000026207bab100: 034d 85db | 0f84 3004 | 0000 4d8b | 5748 4b89 | 4c1a f849 | 83c3 f84d | 895f 38e9 | 31f7 ffff 
  0x0000026207bab120: 448b 93c4 | 0000 0045 | 85d2 0f84 | 94f7 ffff | 4d8b 5f38 | 498b ca48 | c1e1 034d | 85db 0f84 
  0x0000026207bab140: 2404 0000 | 4d8b 5748 | 4b89 4c1a | f849 83c3 | f84d 895f | 38e9 6af7 | ffff 448b | 83a0 0000 
  0x0000026207bab160: 0045 85c0 | 0f84 74f9 | ffff 4d8b | 5f38 498b | c848 c1e1 | 034d 85db | 0f84 1804 | 0000 4d8b 
  0x0000026207bab180: 4748 4b89 | 4c18 f849 | 83c3 f84d | 895f 38e9 | 4af9 ffff | 448b 93a4 | 0000 0045 | 85d2 0f84 
  0x0000026207bab1a0: 19fb ffff | 4d8b 5f38 | 498b ca48 | c1e1 034d | 85db 0f84 | 1604 0000 | 4d8b 5748 | 4b89 4c1a 
  0x0000026207bab1c0: f849 83c3 | f84d 895f | 38e9 effa | ffff 4d8b | 5768 4d8b | 5f78 f083 | 4424 c000 | 8039 000f 
  0x0000026207bab1e0: 8450 f2ff | ff44 8821 | 4d85 d275 | 24c5 fe7f | 4c24 2049 | 8bd7 c5f8 | 7749 ba00 | cf19 14fd 
  0x0000026207bab200: 7f00 0041 | ffd2 c5fe | 6f4c 2420 | e924 f2ff | ff4b 894c | 13f8 4983 | c2f8 4d89 | 5768 e912 
  0x0000026207bab220: f2ff ff4d | 8b57 684d | 8b5f 78f0 | 8344 24c0 | 0080 3900 | 0f84 85f2 | ffff 4488 | 214d 85d2 
  0x0000026207bab240: 7524 c5fe | 7f4c 2420 | 498b d7c5 | f877 49ba | 00cf 1914 | fd7f 0000 | 41ff d2c5 | fe6f 4c24 
  0x0000026207bab260: 20e9 59f2 | ffff 4b89 | 4c13 f849 | 83c2 f84d | 8957 68e9 | 47f2 ffff | 4d8b 5768 | 4d8b 5f78 
  0x0000026207bab280: f083 4424 | c000 8039 | 000f 84c9 | f3ff ff44 | 8821 4d85 | d275 24c5 | fe7f 4c24 | 2049 8bd7 
  0x0000026207bab2a0: c5f8 7749 | ba00 cf19 | 14fd 7f00 | 0041 ffd2 | c5fe 6f4c | 2420 e99d | f3ff ff4b | 894c 13f8 
  0x0000026207bab2c0: 4983 c2f8 | 4d89 5768 | e98b f3ff | ff4d 8b57 | 684d 8b5f | 78f0 8344 | 24c0 0080 | 3900 0f84 
  0x0000026207bab2e0: 34f5 ffff | 4488 214d | 85d2 7524 | c5fe 7f4c | 2420 498b | d7c5 f877 | 49ba 00cf | 1914 fd7f 
  0x0000026207bab300: 0000 41ff | d2c5 fe6f | 4c24 20e9 | 08f5 ffff | 4b89 4c13 | f849 83c2 | f84d 8957 | 68e9 f6f4 
  0x0000026207bab320: ffff 4d8b | 5768 4d8b | 5f78 f083 | 4424 c000 | 8039 000f | 8452 f5ff | ff44 8821 | 4d85 d275 
  0x0000026207bab340: 24c5 fe7f | 4c24 2049 | 8bd7 c5f8 | 7749 ba00 | cf19 14fd | 7f00 0041 | ffd2 c5fe | 6f4c 2420 
  0x0000026207bab360: e926 f5ff | ff4b 894c | 13f8 4983 | c2f8 4d89 | 5768 e914 | f5ff ff4d | 8b57 684d | 8b5f 78f0 
  0x0000026207bab380: 8344 24c0 | 0080 3900 | 0f84 70f5 | ffff 4488 | 214d 85d2 | 7524 c5fe | 7f4c 2420 | 498b d7c5 
  0x0000026207bab3a0: f877 49ba | 00cf 1914 | fd7f 0000 | 41ff d2c5 | fe6f 4c24 | 20e9 44f5 | ffff 4b89 | 4c13 f849 
  0x0000026207bab3c0: 83c2 f84d | 8957 68e9 | 32f5 ffff | 4d8b 5768 | 4d8b 5f78 | f083 4424 | c000 8039 | 0074 3644 
  0x0000026207bab3e0: 8821 4d85 | d274 0f4b | 894c 13f8 | 4983 c2f8 | 4d89 5768 | eb1f c5fe | 7f4c 2420 | 498b d7c5 
  0x0000026207bab400: f877 49ba | 00cf 1914 | fd7f 0000 | 41ff d2c5 | fe6f 4c24 | 2044 8b53 | 4c44 8b5b | 5044 895c 
  0x0000026207bab420: 2450 e9f1 | f6ff ff4d | 8b57 684d | 8b5f 78f0 | 8344 24c0 | 0041 803e | 000f 84b1 | f8ff ff45 
  0x0000026207bab440: 8826 4d85 | d275 1b49 | 8bce 498b | d7c5 f877 | 49ba 00cf | 1914 fd7f | 0000 41ff | d2e9 8ef8 
  0x0000026207bab460: ffff 4f89 | 7413 f849 | 83c2 f84d | 8957 68e9 | 7cf8 ffff | c5fe 7f4c | 2420 498b | d7c5 f877 
  0x0000026207bab480: 49ba 20cf | 1914 fd7f | 0000 41ff | d2c5 fe6f | 4c24 20e9 | 64ef ffff | ba45 ffff | ff41 8bea 
  0x0000026207bab4a0: 4489 4424 | 2066 6690 | c5f8 77e8 | d02e 4af8 | 4489 6c24 | 40c5 fe7f | 4c24 2049 | 8bd7 c5f8 
  0x0000026207bab4c0: 7749 ba20 | cf19 14fd | 7f00 0041 | ffd2 c5fe | 6f4c 2420 | 448b 6c24 | 40e9 a7ef | ffff 4489 
  0x0000026207bab4e0: 6c24 40c5 | fe7f 4c24 | 2049 8bd7 | c5f8 7749 | ba20 cf19 | 14fd 7f00 | 0041 ffd2 | c5fe 6f4c 
  0x0000026207bab500: 2420 448b | 6c24 40e9 | 12f1 ffff | 4489 6c24 | 40c5 fe7f | 4c24 2049 | 8bd7 c5f8 | 7749 ba20 
  0x0000026207bab520: cf19 14fd | 7f00 0041 | ffd2 c5fe | 6f4c 2420 | 448b 6c24 | 40e9 a4f2 | ffff 4489 | 6c24 40c5 
  0x0000026207bab540: fe7f 4c24 | 2049 8bd7 | c5f8 7749 | ba20 cf19 | 14fd 7f00 | 0041 ffd2 | c5fe 6f4c | 2420 448b 
  0x0000026207bab560: 6c24 40e9 | e9f2 ffff | 4489 6c24 | 40c5 fe7f | 4c24 2049 | 8bd7 c5f8 | 7749 ba20 | cf19 14fd 
  0x0000026207bab580: 7f00 0041 | ffd2 c5fe | 6f4c 2420 | 448b 6c24 | 40e9 2ef3 | ffff 4489 | 5424 4444 | 896c 2440 
  0x0000026207bab5a0: c5fe 7f4c | 2420 498b | d7c5 f877 | 49ba 20cf | 1914 fd7f | 0000 41ff | d2c5 fe6f | 4c24 2044 
  0x0000026207bab5c0: 8b6c 2440 | 448b 5424 | 44e9 10f5 | ffff 498b | d7c5 f877 | 49ba 20cf | 1914 fd7f | 0000 41ff 
  0x0000026207bab5e0: d2e9 d7f6 | ffff ba45 | ffff ff48 | 895c 2420 | 4489 5424 | 2889 4c24 | 2c89 7424 | 3466 6690 
  0x0000026207bab600: c5f8 77e8 | 782d 4af8 | ba45 ffff | ff48 895c | 2420 4489 | 5424 2889 | 4c24 3044 | 8974 2434 
  0x0000026207bab620: c5f8 77e8 | 582d 4af8 | ba45 ffff | ff48 895c | 2420 894c | 2428 4489 | 4424 2c89 | 7c24 3490 
  0x0000026207bab640: c5f8 77e8 | 382d 4af8 | ba45 ffff | ff48 895c | 2428 894c | 2430 4489 | 4424 3890 | c5f8 77e8 
  0x0000026207bab660: 1c2d 4af8 | ba45 ffff | ff48 895c | 2420 4489 | 4424 2844 | 894c 242c | 8974 2434 | c5f8 77e8 
  0x0000026207bab680: fc2c 4af8 | ba45 ffff | ff48 895c | 2428 4489 | 4424 3044 | 894c 2438 | c5f8 77e8 | e02c 4af8 
  0x0000026207bab6a0: ba45 ffff | ff48 895c | 2420 894c | 2428 4489 | 4424 2c89 | 7c24 3490 | c5f8 77e8 | c02c 4af8 
  0x0000026207bab6c0: ba45 ffff | ff48 895c | 2428 894c | 2430 4489 | 4424 3890 | c5f8 77e8 | a42c 4af8 | ba45 ffff 
  0x0000026207bab6e0: ff48 895c | 2420 4489 | 5424 2844 | 8944 242c | 4489 5c24 | 3066 6690 | c5f8 77e8 | 802c 4af8 
  0x0000026207bab700: ba45 ffff | ff48 895c | 2428 4489 | 5424 3044 | 8944 2438 | c5f8 77e8 | 642c 4af8 | ba45 ffff 
  0x0000026207bab720: ff48 895c | 2420 4489 | 5424 2844 | 8944 242c | 4489 5c24 | 3066 6690 | c5f8 77e8 | 402c 4af8 
  0x0000026207bab740: ba45 ffff | ff48 895c | 2428 4489 | 5424 3044 | 8944 2438 | c5f8 77e8 | 242c 4af8 | ba45 ffff 
  0x0000026207bab760: ff48 8beb | 4489 5424 | 2066 6690 | c5f8 77e8 | 0c2c 4af8 | ba45 ffff | ff48 8beb | 4489 5424 
  0x0000026207bab780: 2066 6690 | c5f8 77e8 | f42b 4af8 | ba45 ffff | ff48 895c | 2420 4489 | 5c24 2844 | 8944 242c 
  0x0000026207bab7a0: 4489 5424 | 3044 894c | 2438 6690 | c5f8 77e8 | cc2b 4af8 | ba45 ffff | ff48 895c | 2428 4489 
  0x0000026207bab7c0: 5c24 3044 | 8944 2438 | c5f8 77e8 | b02b 4af8 | ba45 ffff | ff48 895c | 2420 4489 | 4c24 2844 
  0x0000026207bab7e0: 895c 242c | 4489 5424 | 3044 8944 | 2434 894c | 2438 6690 | c5f8 77e8 | 842b 4af8 | ba45 ffff 
  0x0000026207bab800: ff48 895c | 2420 4489 | 4c24 2844 | 895c 2430 | 4489 6c24 | 3466 6690 | c5f8 77e8 | 602b 4af8 
  0x0000026207bab820: ba45 ffff | ff41 bb00 | 8001 004d | 3bd3 bdff | ffff ff7c | 0840 0f95 | c540 0fb6 | ed48 895c 
  0x0000026207bab840: 2420 6690 | c5f8 77e8 | 342b 4af8 | ba45 ffff | ff44 8954 | 2420 4489 | 4424 2490 | c5f8 77e8 
  0x0000026207bab860: 1c2b 4af8 | ba76 ffff | ff48 895c | 2420 4489 | 5424 2889 | 4c24 3089 | 4c24 3889 | 7424 3c89 
  0x0000026207bab880: 7424 4090 | c5f8 77e8 | f42a 4af8 | ba76 ffff | ff48 895c | 2420 894c | 2428 4489 | 4424 3044 
  0x0000026207bab8a0: 8944 2438 | 897c 243c | 897c 2440 | c5f8 77e8 | cc2a 4af8 | ba76 ffff | ff48 895c | 2420 4489 
  0x0000026207bab8c0: 4424 2844 | 894c 2430 | 4489 4c24 | 3889 7424 | 3c89 7424 | 4066 6690 | c5f8 77e8 | a02a 4af8 
  0x0000026207bab8e0: ba76 ffff | ff48 895c | 2420 894c | 2428 4489 | 4424 3044 | 8944 2438 | 897c 243c | 897c 2440 
  0x0000026207bab900: c5f8 77e8 | 782a 4af8 | ba76 ffff | ff48 895c | 2420 4489 | 5c24 2844 | 8944 2430 | 4489 4424 
  0x0000026207bab920: 3c89 7c24 | 4044 8954 | 2444 4489 | 5424 4889 | 7c24 4c90 | c5f8 77e8 | 442a 4af8 | ba76 ffff 
  0x0000026207bab940: ff48 895c | 2420 4489 | 4c24 2844 | 895c 2430 | 4489 5c24 | 3c44 8944 | 2440 4489 | 5424 4444 
  0x0000026207bab960: 8954 2448 | 4489 4424 | 4c66 6690 | c5f8 77e8 | 0c2a 4af8 | ba45 ffff | ff48 895c | 2420 4489 
  0x0000026207bab980: 5c24 2844 | 8944 2430 | 4489 4424 | 3c44 8954 | 2440 897c | 2444 4489 | 4c24 4844 | 8954 244c 
  0x0000026207bab9a0: c5f8 77e8 | d829 4af8 | ba45 ffff | ff48 895c | 2420 4489 | 5c24 2844 | 8944 2430 | 4489 4424 
  0x0000026207bab9c0: 3c44 8954 | 2440 897c | 2444 4489 | 4c24 4844 | 8954 244c | c5f8 77e8 | a429 4af8 | ba45 ffff 
  0x0000026207bab9e0: ff48 895c | 2420 4489 | 5c24 2844 | 8944 2430 | 4489 4424 | 3c44 8954 | 2440 894c | 2444 894c 
  0x0000026207baba00: 2448 4489 | 4c24 5090 | c5f8 77e8 | 7029 4af8 | ba45 ffff | ff48 895c | 2420 4489 | 4c24 2844 
  0x0000026207baba20: 895c 2430 | 4489 5c24 | 3c44 8954 | 2440 4489 | 4424 4489 | 4c24 4844 | 8954 244c | 4489 4424 
  0x0000026207baba40: 5066 6690 | c5f8 77e8 | 3429 4af8 | ba45 ffff | ff48 895c | 2420 4489 | 4c24 2844 | 895c 2430 
  0x0000026207baba60: 4489 5c24 | 3c44 8954 | 2440 4489 | 4424 4489 | 4c24 4844 | 8954 244c | 4489 4424 | 5066 6690 
  0x0000026207baba80: c5f8 77e8 | f828 4af8 | ba45 ffff | ff48 895c | 2420 4489 | 4c24 2844 | 895c 2430 | 4489 5c24 
  0x0000026207babaa0: 3c44 8954 | 2440 4489 | 4424 4444 | 8944 2448 | 894c 2450 | c5f8 77e8 | c428 4af8 | baf6 ffff 
  0x0000026207babac0: ff8b e990 | c5f8 77e8 | b428 4af8 | baf6 ffff | ff66 6690 | c5f8 77e8 | a428 4af8 | baf6 ffff 
  0x0000026207babae0: ff41 8be8 | c5f8 77e8 | 9428 4af8 | baf6 ffff | ff66 6690 | c5f8 77e8 | 8428 4af8 | baf6 ffff 
  0x0000026207babb00: ff41 8be9 | c5f8 77e8 | 7428 4af8 | baf6 ffff | ff66 6690 | c5f8 77e8 | 6428 4af8 | baf6 ffff 
  0x0000026207babb20: ff41 8be8 | c5f8 77e8 | 5428 4af8 | baf6 ffff | ff66 6690 | c5f8 77e8 | 4428 4af8 | baf6 ffff 
  0x0000026207babb40: ff41 8be8 | c5f8 77e8 | 3428 4af8 | baf6 ffff | ff66 6690 | c5f8 77e8 | 2428 4af8 | baf6 ffff 
  0x0000026207babb60: ff41 8be8 | c5f8 77e8 | 1428 4af8 | baf6 ffff | ff66 6690 | c5f8 77e8 | 0428 4af8 | baf6 ffff 
  0x0000026207babb80: ff66 6690 | c5f8 77e8 | f427 4af8 | baf6 ffff | ff41 8be8 | 4489 5424 | 2066 6690 | c5f8 77e8 
  0x0000026207babba0: dc27 4af8 | baf6 ffff | ff66 6690 | c5f8 77e8 | cc27 4af8 | baf6 ffff | ff41 8beb | 4489 5424 
  0x0000026207babbc0: 2044 8944 | 2424 6690 | c5f8 77e8 | b027 4af8 | baf6 ffff | ff66 6690 | c5f8 77e8 | a027 4af8 
  0x0000026207babbe0: baf6 ffff | ff66 6690 | c5f8 77e8 | 9027 4af8 | baf6 ffff | ff66 6690 | c5f8 77e8 | 8027 4af8 
  0x0000026207babc00: e97b dc54 | f8e8 0000 | 0000 4883 | 2c24 05e9 | 8c23 4af8 | f4f4 f4f4 
[/MachCode]
--------------------------------------------------------------------------------


---------------  P R O C E S S  ---------------

Threads class SMR info:
_java_thread_list=0x0000026219484230, length=17, elements={
0x0000026211524a60, 0x00000262115259e0, 0x0000026211d3e270, 0x0000026211d40750,
0x0000026211d424d0, 0x0000026211d4b710, 0x0000026211d4e4e0, 0x0000026211d61180,
0x0000026211e6e3d0, 0x0000026211e9ac00, 0x00000262120b1af0, 0x00000262120baf90,
0x00000262120bb870, 0x00000262192f4f50, 0x00000262192f6910, 0x000002626b7bdff0,
0x000002621935cd60
}

Java Threads: ( => current thread )
  0x0000026211524a60 JavaThread "Reference Handler" daemon [_thread_blocked, id=8368, stack(0x00000085e4c00000,0x00000085e4d00000)]
  0x00000262115259e0 JavaThread "Finalizer" daemon [_thread_blocked, id=2876, stack(0x00000085e4d00000,0x00000085e4e00000)]
  0x0000026211d3e270 JavaThread "Signal Dispatcher" daemon [_thread_blocked, id=11084, stack(0x00000085e4e00000,0x00000085e4f00000)]
  0x0000026211d40750 JavaThread "Attach Listener" daemon [_thread_blocked, id=1072, stack(0x00000085e4f00000,0x00000085e5000000)]
  0x0000026211d424d0 JavaThread "Service Thread" daemon [_thread_blocked, id=10460, stack(0x00000085e5000000,0x00000085e5100000)]
  0x0000026211d4b710 JavaThread "C2 CompilerThread0" daemon [_thread_blocked, id=7684, stack(0x00000085e5100000,0x00000085e5200000)]
  0x0000026211d4e4e0 JavaThread "C1 CompilerThread0" daemon [_thread_blocked, id=5684, stack(0x00000085e5200000,0x00000085e5300000)]
  0x0000026211d61180 JavaThread "Sweeper thread" daemon [_thread_blocked, id=13704, stack(0x00000085e5300000,0x00000085e5400000)]
  0x0000026211e6e3d0 JavaThread "Notification Thread" daemon [_thread_blocked, id=7476, stack(0x00000085e5400000,0x00000085e5500000)]
  0x0000026211e9ac00 JavaThread "Common-Cleaner" daemon [_thread_blocked, id=2596, stack(0x00000085e5600000,0x00000085e5700000)]
  0x00000262120b1af0 JavaThread "Java2D Disposer" daemon [_thread_blocked, id=7036, stack(0x00000085e5700000,0x00000085e5800000)]
  0x00000262120baf90 JavaThread "AWT-Shutdown" [_thread_blocked, id=7120, stack(0x00000085e5800000,0x00000085e5900000)]
  0x00000262120bb870 JavaThread "AWT-Windows" daemon [_thread_in_native, id=15828, stack(0x00000085e5900000,0x00000085e5a00000)]
  0x00000262192f4f50 JavaThread "Thread-0" [_thread_blocked, id=7764, stack(0x00000085e5c10000,0x00000085e5d10000)]
=>0x00000262192f6910 JavaThread "AWT-EventQueue-0" [_thread_in_Java, id=12664, stack(0x00000085e5d10000,0x00000085e5e10000)]
  0x000002626b7bdff0 JavaThread "DestroyJavaVM" [_thread_blocked, id=1336, stack(0x00000085e4500000,0x00000085e4600000)]
  0x000002621935cd60 JavaThread "D3D Screen Updater" daemon [_thread_blocked, id=8532, stack(0x00000085e5e10000,0x00000085e5f10000)]

Other Threads:
  0x000002621151fa20 VMThread "VM Thread" [stack: 0x00000085e4b00000,0x00000085e4c00000] [id=16180]
  0x0000026211e7fec0 WatcherThread [stack: 0x00000085e5500000,0x00000085e5600000] [id=2736]
  0x000002626d99f070 GCTaskThread "GC Thread#0" [stack: 0x00000085e4600000,0x00000085e4700000] [id=8872]
  0x0000026212079a00 GCTaskThread "GC Thread#1" [stack: 0x00000085e6280000,0x00000085e6380000] [id=16264]
  0x0000026212079070 GCTaskThread "GC Thread#2" [stack: 0x00000085e6380000,0x00000085e6480000] [id=9260]
  0x0000026212076a30 GCTaskThread "GC Thread#3" [stack: 0x00000085e6480000,0x00000085e6580000] [id=4692]
  0x0000026212079d30 GCTaskThread "GC Thread#4" [stack: 0x00000085e6580000,0x00000085e6680000] [id=3692]
  0x0000026219ca2310 GCTaskThread "GC Thread#5" [stack: 0x00000085e6680000,0x00000085e6780000] [id=15436]
  0x0000026219ca42f0 GCTaskThread "GC Thread#6" [stack: 0x00000085e6780000,0x00000085e6880000] [id=6856]
  0x0000026219ca1980 GCTaskThread "GC Thread#7" [stack: 0x00000085e6880000,0x00000085e6980000] [id=4088]
  0x0000026219ca2970 GCTaskThread "GC Thread#8" [stack: 0x00000085e6980000,0x00000085e6a80000] [id=1416]
  0x0000026219ca1fe0 GCTaskThread "GC Thread#9" [stack: 0x00000085e6a80000,0x00000085e6b80000] [id=9112]
  0x000002626d9b1970 ConcurrentGCThread "G1 Main Marker" [stack: 0x00000085e4700000,0x00000085e4800000] [id=2868]
  0x000002626d9b2560 ConcurrentGCThread "G1 Conc#0" [stack: 0x00000085e4800000,0x00000085e4900000] [id=13828]
  0x00000262113960e0 ConcurrentGCThread "G1 Refine#0" [stack: 0x00000085e4900000,0x00000085e4a00000] [id=12444]
  0x0000026211398900 ConcurrentGCThread "G1 Young RemSet Sampling" [stack: 0x00000085e4a00000,0x00000085e4b00000] [id=10388]

Threads with active compile tasks:

VM state: not at safepoint (normal execution)

VM Mutex/Monitor currently owned by a thread: None

Heap address: 0x0000000701000000, size: 4080 MB, Compressed Oops mode: Zero based, Oop shift amount: 3
CDS archive(s) mapped at: [0x0000000800000000-0x0000000800b50000-0x0000000800b50000), size 11862016, SharedBaseAddress: 0x0000000800000000, ArchiveRelocationMode: 0.
Compressed class space mapped at: 0x0000000800b50000-0x0000000840b50000, size: 1073741824
Narrow klass base: 0x0000000800000000, Narrow klass shift: 3, Narrow klass range: 0x100000000

GC Precious Log:
 CPUs: 12 total, 12 available
 Memory: 16317M
 Large Page Support: Disabled
 NUMA Support: Disabled
 Compressed Oops: Enabled (Zero based)
 Heap Region Size: 2M
 Heap Min Capacity: 8M
 Heap Initial Capacity: 256M
 Heap Max Capacity: 4080M
 Pre-touch: Disabled
 Parallel Workers: 10
 Concurrent Workers: 3
 Concurrent Refinement Workers: 10
 Periodic GC: Disabled

Heap:
 garbage-first heap   total 262144K, used 5001K [0x0000000701000000, 0x0000000800000000)
  region size 2048K, 3 young (6144K), 1 survivors (2048K)
 Metaspace       used 7946K, capacity 8139K, committed 8320K, reserved 1056768K
  class space    used 766K, capacity 836K, committed 896K, reserved 1048576K

Heap Regions: E=young(eden), S=young(survivor), O=old, HS=humongous(starts), HC=humongous(continues), CS=collection set, F=free, OA=open archive, CA=closed archive, TAMS=top-at-mark-start (previous, next)
|   0|0x0000000701000000, 0x0000000701200000, 0x0000000701200000|100%| O|  |TAMS 0x0000000701000000, 0x0000000701000000| Untracked 
|   1|0x0000000701200000, 0x00000007012ddc00, 0x0000000701400000| 43%| O|  |TAMS 0x0000000701200000, 0x0000000701200000| Untracked 
|   2|0x0000000701400000, 0x0000000701400000, 0x0000000701600000|  0%| F|  |TAMS 0x0000000701400000, 0x0000000701400000| Untracked 
|   3|0x0000000701600000, 0x0000000701600000, 0x0000000701800000|  0%| F|  |TAMS 0x0000000701600000, 0x0000000701600000| Untracked 
|   4|0x0000000701800000, 0x0000000701800000, 0x0000000701a00000|  0%| F|  |TAMS 0x0000000701800000, 0x0000000701800000| Untracked 
|   5|0x0000000701a00000, 0x0000000701a00000, 0x0000000701c00000|  0%| F|  |TAMS 0x0000000701a00000, 0x0000000701a00000| Untracked 
|   6|0x0000000701c00000, 0x0000000701c00000, 0x0000000701e00000|  0%| F|  |TAMS 0x0000000701c00000, 0x0000000701c00000| Untracked 
|   7|0x0000000701e00000, 0x0000000701e00000, 0x0000000702000000|  0%| F|  |TAMS 0x0000000701e00000, 0x0000000701e00000| Untracked 
|   8|0x0000000702000000, 0x0000000702000000, 0x0000000702200000|  0%| F|  |TAMS 0x0000000702000000, 0x0000000702000000| Untracked 
|   9|0x0000000702200000, 0x0000000702200000, 0x0000000702400000|  0%| F|  |TAMS 0x0000000702200000, 0x0000000702200000| Untracked 
|  10|0x0000000702400000, 0x0000000702400000, 0x0000000702600000|  0%| F|  |TAMS 0x0000000702400000, 0x0000000702400000| Untracked 
|  11|0x0000000702600000, 0x0000000702600000, 0x0000000702800000|  0%| F|  |TAMS 0x0000000702600000, 0x0000000702600000| Untracked 
|  12|0x0000000702800000, 0x0000000702800000, 0x0000000702a00000|  0%| F|  |TAMS 0x0000000702800000, 0x0000000702800000| Untracked 
|  13|0x0000000702a00000, 0x0000000702a00000, 0x0000000702c00000|  0%| F|  |TAMS 0x0000000702a00000, 0x0000000702a00000| Untracked 
|  14|0x0000000702c00000, 0x0000000702c00000, 0x0000000702e00000|  0%| F|  |TAMS 0x0000000702c00000, 0x0000000702c00000| Untracked 
|  15|0x0000000702e00000, 0x0000000702e00000, 0x0000000703000000|  0%| F|  |TAMS 0x0000000702e00000, 0x0000000702e00000| Untracked 
|  16|0x0000000703000000, 0x0000000703000000, 0x0000000703200000|  0%| F|  |TAMS 0x0000000703000000, 0x0000000703000000| Untracked 
|  17|0x0000000703200000, 0x0000000703200000, 0x0000000703400000|  0%| F|  |TAMS 0x0000000703200000, 0x0000000703200000| Untracked 
|  18|0x0000000703400000, 0x0000000703400000, 0x0000000703600000|  0%| F|  |TAMS 0x0000000703400000, 0x0000000703400000| Untracked 
|  19|0x0000000703600000, 0x0000000703600000, 0x0000000703800000|  0%| F|  |TAMS 0x0000000703600000, 0x0000000703600000| Untracked 
|  20|0x0000000703800000, 0x0000000703800000, 0x0000000703a00000|  0%| F|  |TAMS 0x0000000703800000, 0x0000000703800000| Untracked 
|  21|0x0000000703a00000, 0x0000000703a00000, 0x0000000703c00000|  0%| F|  |TAMS 0x0000000703a00000, 0x0000000703a00000| Untracked 
|  22|0x0000000703c00000, 0x0000000703c00000, 0x0000000703e00000|  0%| F|  |TAMS 0x0000000703c00000, 0x0000000703c00000| Untracked 
|  23|0x0000000703e00000, 0x0000000703e00000, 0x0000000704000000|  0%| F|  |TAMS 0x0000000703e00000, 0x0000000703e00000| Untracked 
|  24|0x0000000704000000, 0x0000000704000000, 0x0000000704200000|  0%| F|  |TAMS 0x0000000704000000, 0x0000000704000000| Untracked 
|  25|0x0000000704200000, 0x0000000704200000, 0x0000000704400000|  0%| F|  |TAMS 0x0000000704200000, 0x0000000704200000| Untracked 
|  26|0x0000000704400000, 0x0000000704400000, 0x0000000704600000|  0%| F|  |TAMS 0x0000000704400000, 0x0000000704400000| Untracked 
|  27|0x0000000704600000, 0x0000000704600000, 0x0000000704800000|  0%| F|  |TAMS 0x0000000704600000, 0x0000000704600000| Untracked 
|  28|0x0000000704800000, 0x0000000704800000, 0x0000000704a00000|  0%| F|  |TAMS 0x0000000704800000, 0x0000000704800000| Untracked 
|  29|0x0000000704a00000, 0x0000000704a00000, 0x0000000704c00000|  0%| F|  |TAMS 0x0000000704a00000, 0x0000000704a00000| Untracked 
|  30|0x0000000704c00000, 0x0000000704c00000, 0x0000000704e00000|  0%| F|  |TAMS 0x0000000704c00000, 0x0000000704c00000| Untracked 
|  31|0x0000000704e00000, 0x0000000704e00000, 0x0000000705000000|  0%| F|  |TAMS 0x0000000704e00000, 0x0000000704e00000| Untracked 
|  32|0x0000000705000000, 0x0000000705000000, 0x0000000705200000|  0%| F|  |TAMS 0x0000000705000000, 0x0000000705000000| Untracked 
|  33|0x0000000705200000, 0x0000000705200000, 0x0000000705400000|  0%| F|  |TAMS 0x0000000705200000, 0x0000000705200000| Untracked 
|  34|0x0000000705400000, 0x0000000705400000, 0x0000000705600000|  0%| F|  |TAMS 0x0000000705400000, 0x0000000705400000| Untracked 
|  35|0x0000000705600000, 0x0000000705600000, 0x0000000705800000|  0%| F|  |TAMS 0x0000000705600000, 0x0000000705600000| Untracked 
|  36|0x0000000705800000, 0x0000000705800000, 0x0000000705a00000|  0%| F|  |TAMS 0x0000000705800000, 0x0000000705800000| Untracked 
|  37|0x0000000705a00000, 0x0000000705a00000, 0x0000000705c00000|  0%| F|  |TAMS 0x0000000705a00000, 0x0000000705a00000| Untracked 
|  38|0x0000000705c00000, 0x0000000705c00000, 0x0000000705e00000|  0%| F|  |TAMS 0x0000000705c00000, 0x0000000705c00000| Untracked 
|  39|0x0000000705e00000, 0x0000000705e00000, 0x0000000706000000|  0%| F|  |TAMS 0x0000000705e00000, 0x0000000705e00000| Untracked 
|  40|0x0000000706000000, 0x0000000706000000, 0x0000000706200000|  0%| F|  |TAMS 0x0000000706000000, 0x0000000706000000| Untracked 
|  41|0x0000000706200000, 0x0000000706200000, 0x0000000706400000|  0%| F|  |TAMS 0x0000000706200000, 0x0000000706200000| Untracked 
|  42|0x0000000706400000, 0x0000000706400000, 0x0000000706600000|  0%| F|  |TAMS 0x0000000706400000, 0x0000000706400000| Untracked 
|  43|0x0000000706600000, 0x0000000706600000, 0x0000000706800000|  0%| F|  |TAMS 0x0000000706600000, 0x0000000706600000| Untracked 
|  44|0x0000000706800000, 0x0000000706800000, 0x0000000706a00000|  0%| F|  |TAMS 0x0000000706800000, 0x0000000706800000| Untracked 
|  45|0x0000000706a00000, 0x0000000706a00000, 0x0000000706c00000|  0%| F|  |TAMS 0x0000000706a00000, 0x0000000706a00000| Untracked 
|  46|0x0000000706c00000, 0x0000000706c00000, 0x0000000706e00000|  0%| F|  |TAMS 0x0000000706c00000, 0x0000000706c00000| Untracked 
|  47|0x0000000706e00000, 0x0000000706e00000, 0x0000000707000000|  0%| F|  |TAMS 0x0000000706e00000, 0x0000000706e00000| Untracked 
|  48|0x0000000707000000, 0x0000000707000000, 0x0000000707200000|  0%| F|  |TAMS 0x0000000707000000, 0x0000000707000000| Untracked 
|  49|0x0000000707200000, 0x0000000707200000, 0x0000000707400000|  0%| F|  |TAMS 0x0000000707200000, 0x0000000707200000| Untracked 
|  50|0x0000000707400000, 0x0000000707400000, 0x0000000707600000|  0%| F|  |TAMS 0x0000000707400000, 0x0000000707400000| Untracked 
|  51|0x0000000707600000, 0x0000000707604890, 0x0000000707800000|  0%| S|CS|TAMS 0x0000000707600000, 0x0000000707600000| Complete 
|  52|0x0000000707800000, 0x0000000707800000, 0x0000000707a00000|  0%| F|  |TAMS 0x0000000707800000, 0x0000000707800000| Untracked 
|  53|0x0000000707a00000, 0x0000000707a00000, 0x0000000707c00000|  0%| F|  |TAMS 0x0000000707a00000, 0x0000000707a00000| Untracked 
|  54|0x0000000707c00000, 0x0000000707c00000, 0x0000000707e00000|  0%| F|  |TAMS 0x0000000707c00000, 0x0000000707c00000| Untracked 
|  55|0x0000000707e00000, 0x0000000707e00000, 0x0000000708000000|  0%| F|  |TAMS 0x0000000707e00000, 0x0000000707e00000| Untracked 
|  56|0x0000000708000000, 0x0000000708000000, 0x0000000708200000|  0%| F|  |TAMS 0x0000000708000000, 0x0000000708000000| Untracked 
|  57|0x0000000708200000, 0x0000000708200000, 0x0000000708400000|  0%| F|  |TAMS 0x0000000708200000, 0x0000000708200000| Untracked 
|  58|0x0000000708400000, 0x0000000708400000, 0x0000000708600000|  0%| F|  |TAMS 0x0000000708400000, 0x0000000708400000| Untracked 
|  59|0x0000000708600000, 0x0000000708600000, 0x0000000708800000|  0%| F|  |TAMS 0x0000000708600000, 0x0000000708600000| Untracked 
|  60|0x0000000708800000, 0x0000000708800000, 0x0000000708a00000|  0%| F|  |TAMS 0x0000000708800000, 0x0000000708800000| Untracked 
|  61|0x0000000708a00000, 0x0000000708a00000, 0x0000000708c00000|  0%| F|  |TAMS 0x0000000708a00000, 0x0000000708a00000| Untracked 
|  62|0x0000000708c00000, 0x0000000708c00000, 0x0000000708e00000|  0%| F|  |TAMS 0x0000000708c00000, 0x0000000708c00000| Untracked 
|  63|0x0000000708e00000, 0x0000000708e00000, 0x0000000709000000|  0%| F|  |TAMS 0x0000000708e00000, 0x0000000708e00000| Untracked 
|  64|0x0000000709000000, 0x0000000709000000, 0x0000000709200000|  0%| F|  |TAMS 0x0000000709000000, 0x0000000709000000| Untracked 
|  65|0x0000000709200000, 0x0000000709200000, 0x0000000709400000|  0%| F|  |TAMS 0x0000000709200000, 0x0000000709200000| Untracked 
|  66|0x0000000709400000, 0x0000000709400000, 0x0000000709600000|  0%| F|  |TAMS 0x0000000709400000, 0x0000000709400000| Untracked 
|  67|0x0000000709600000, 0x0000000709600000, 0x0000000709800000|  0%| F|  |TAMS 0x0000000709600000, 0x0000000709600000| Untracked 
|  68|0x0000000709800000, 0x0000000709800000, 0x0000000709a00000|  0%| F|  |TAMS 0x0000000709800000, 0x0000000709800000| Untracked 
|  69|0x0000000709a00000, 0x0000000709a00000, 0x0000000709c00000|  0%| F|  |TAMS 0x0000000709a00000, 0x0000000709a00000| Untracked 
|  70|0x0000000709c00000, 0x0000000709c00000, 0x0000000709e00000|  0%| F|  |TAMS 0x0000000709c00000, 0x0000000709c00000| Untracked 
|  71|0x0000000709e00000, 0x0000000709e00000, 0x000000070a000000|  0%| F|  |TAMS 0x0000000709e00000, 0x0000000709e00000| Untracked 
|  72|0x000000070a000000, 0x000000070a000000, 0x000000070a200000|  0%| F|  |TAMS 0x000000070a000000, 0x000000070a000000| Untracked 
|  73|0x000000070a200000, 0x000000070a200000, 0x000000070a400000|  0%| F|  |TAMS 0x000000070a200000, 0x000000070a200000| Untracked 
|  74|0x000000070a400000, 0x000000070a400000, 0x000000070a600000|  0%| F|  |TAMS 0x000000070a400000, 0x000000070a400000| Untracked 
|  75|0x000000070a600000, 0x000000070a600000, 0x000000070a800000|  0%| F|  |TAMS 0x000000070a600000, 0x000000070a600000| Untracked 
|  76|0x000000070a800000, 0x000000070a800000, 0x000000070aa00000|  0%| F|  |TAMS 0x000000070a800000, 0x000000070a800000| Untracked 
|  77|0x000000070aa00000, 0x000000070aa00000, 0x000000070ac00000|  0%| F|  |TAMS 0x000000070aa00000, 0x000000070aa00000| Untracked 
|  78|0x000000070ac00000, 0x000000070ac00000, 0x000000070ae00000|  0%| F|  |TAMS 0x000000070ac00000, 0x000000070ac00000| Untracked 
|  79|0x000000070ae00000, 0x000000070ae00000, 0x000000070b000000|  0%| F|  |TAMS 0x000000070ae00000, 0x000000070ae00000| Untracked 
|  80|0x000000070b000000, 0x000000070b000000, 0x000000070b200000|  0%| F|  |TAMS 0x000000070b000000, 0x000000070b000000| Untracked 
|  81|0x000000070b200000, 0x000000070b200000, 0x000000070b400000|  0%| F|  |TAMS 0x000000070b200000, 0x000000070b200000| Untracked 
|  82|0x000000070b400000, 0x000000070b400000, 0x000000070b600000|  0%| F|  |TAMS 0x000000070b400000, 0x000000070b400000| Untracked 
|  83|0x000000070b600000, 0x000000070b600000, 0x000000070b800000|  0%| F|  |TAMS 0x000000070b600000, 0x000000070b600000| Untracked 
|  84|0x000000070b800000, 0x000000070b800000, 0x000000070ba00000|  0%| F|  |TAMS 0x000000070b800000, 0x000000070b800000| Untracked 
|  85|0x000000070ba00000, 0x000000070ba00000, 0x000000070bc00000|  0%| F|  |TAMS 0x000000070ba00000, 0x000000070ba00000| Untracked 
|  86|0x000000070bc00000, 0x000000070bc00000, 0x000000070be00000|  0%| F|  |TAMS 0x000000070bc00000, 0x000000070bc00000| Untracked 
|  87|0x000000070be00000, 0x000000070be00000, 0x000000070c000000|  0%| F|  |TAMS 0x000000070be00000, 0x000000070be00000| Untracked 
|  88|0x000000070c000000, 0x000000070c000000, 0x000000070c200000|  0%| F|  |TAMS 0x000000070c000000, 0x000000070c000000| Untracked 
|  89|0x000000070c200000, 0x000000070c200000, 0x000000070c400000|  0%| F|  |TAMS 0x000000070c200000, 0x000000070c200000| Untracked 
|  90|0x000000070c400000, 0x000000070c400000, 0x000000070c600000|  0%| F|  |TAMS 0x000000070c400000, 0x000000070c400000| Untracked 
|  91|0x000000070c600000, 0x000000070c600000, 0x000000070c800000|  0%| F|  |TAMS 0x000000070c600000, 0x000000070c600000| Untracked 
|  92|0x000000070c800000, 0x000000070c800000, 0x000000070ca00000|  0%| F|  |TAMS 0x000000070c800000, 0x000000070c800000| Untracked 
|  93|0x000000070ca00000, 0x000000070ca00000, 0x000000070cc00000|  0%| F|  |TAMS 0x000000070ca00000, 0x000000070ca00000| Untracked 
|  94|0x000000070cc00000, 0x000000070cc00000, 0x000000070ce00000|  0%| F|  |TAMS 0x000000070cc00000, 0x000000070cc00000| Untracked 
|  95|0x000000070ce00000, 0x000000070ce00000, 0x000000070d000000|  0%| F|  |TAMS 0x000000070ce00000, 0x000000070ce00000| Untracked 
|  96|0x000000070d000000, 0x000000070d000000, 0x000000070d200000|  0%| F|  |TAMS 0x000000070d000000, 0x000000070d000000| Untracked 
|  97|0x000000070d200000, 0x000000070d200000, 0x000000070d400000|  0%| F|  |TAMS 0x000000070d200000, 0x000000070d200000| Untracked 
|  98|0x000000070d400000, 0x000000070d400000, 0x000000070d600000|  0%| F|  |TAMS 0x000000070d400000, 0x000000070d400000| Untracked 
|  99|0x000000070d600000, 0x000000070d600000, 0x000000070d800000|  0%| F|  |TAMS 0x000000070d600000, 0x000000070d600000| Untracked 
| 100|0x000000070d800000, 0x000000070d800000, 0x000000070da00000|  0%| F|  |TAMS 0x000000070d800000, 0x000000070d800000| Untracked 
| 101|0x000000070da00000, 0x000000070da00000, 0x000000070dc00000|  0%| F|  |TAMS 0x000000070da00000, 0x000000070da00000| Untracked 
| 102|0x000000070dc00000, 0x000000070dc00000, 0x000000070de00000|  0%| F|  |TAMS 0x000000070dc00000, 0x000000070dc00000| Untracked 
| 103|0x000000070de00000, 0x000000070de00000, 0x000000070e000000|  0%| F|  |TAMS 0x000000070de00000, 0x000000070de00000| Untracked 
| 104|0x000000070e000000, 0x000000070e000000, 0x000000070e200000|  0%| F|  |TAMS 0x000000070e000000, 0x000000070e000000| Untracked 
| 105|0x000000070e200000, 0x000000070e200000, 0x000000070e400000|  0%| F|  |TAMS 0x000000070e200000, 0x000000070e200000| Untracked 
| 106|0x000000070e400000, 0x000000070e400000, 0x000000070e600000|  0%| F|  |TAMS 0x000000070e400000, 0x000000070e400000| Untracked 
| 107|0x000000070e600000, 0x000000070e600000, 0x000000070e800000|  0%| F|  |TAMS 0x000000070e600000, 0x000000070e600000| Untracked 
| 108|0x000000070e800000, 0x000000070e800000, 0x000000070ea00000|  0%| F|  |TAMS 0x000000070e800000, 0x000000070e800000| Untracked 
| 109|0x000000070ea00000, 0x000000070ea00000, 0x000000070ec00000|  0%| F|  |TAMS 0x000000070ea00000, 0x000000070ea00000| Untracked 
| 110|0x000000070ec00000, 0x000000070ec00000, 0x000000070ee00000|  0%| F|  |TAMS 0x000000070ec00000, 0x000000070ec00000| Untracked 
| 111|0x000000070ee00000, 0x000000070ee00000, 0x000000070f000000|  0%| F|  |TAMS 0x000000070ee00000, 0x000000070ee00000| Untracked 
| 112|0x000000070f000000, 0x000000070f000000, 0x000000070f200000|  0%| F|  |TAMS 0x000000070f000000, 0x000000070f000000| Untracked 
| 113|0x000000070f200000, 0x000000070f200000, 0x000000070f400000|  0%| F|  |TAMS 0x000000070f200000, 0x000000070f200000| Untracked 
| 114|0x000000070f400000, 0x000000070f400000, 0x000000070f600000|  0%| F|  |TAMS 0x000000070f400000, 0x000000070f400000| Untracked 
| 115|0x000000070f600000, 0x000000070f600000, 0x000000070f800000|  0%| F|  |TAMS 0x000000070f600000, 0x000000070f600000| Untracked 
| 116|0x000000070f800000, 0x000000070f800000, 0x000000070fa00000|  0%| F|  |TAMS 0x000000070f800000, 0x000000070f800000| Untracked 
| 117|0x000000070fa00000, 0x000000070fa00000, 0x000000070fc00000|  0%| F|  |TAMS 0x000000070fa00000, 0x000000070fa00000| Untracked 
| 118|0x000000070fc00000, 0x000000070fc00000, 0x000000070fe00000|  0%| F|  |TAMS 0x000000070fc00000, 0x000000070fc00000| Untracked 
| 119|0x000000070fe00000, 0x000000070fe00000, 0x0000000710000000|  0%| F|  |TAMS 0x000000070fe00000, 0x000000070fe00000| Untracked 
| 120|0x0000000710000000, 0x0000000710000000, 0x0000000710200000|  0%| F|  |TAMS 0x0000000710000000, 0x0000000710000000| Untracked 
| 121|0x0000000710200000, 0x0000000710200000, 0x0000000710400000|  0%| F|  |TAMS 0x0000000710200000, 0x0000000710200000| Untracked 
| 122|0x0000000710400000, 0x0000000710400000, 0x0000000710600000|  0%| F|  |TAMS 0x0000000710400000, 0x0000000710400000| Untracked 
| 123|0x0000000710600000, 0x0000000710600000, 0x0000000710800000|  0%| F|  |TAMS 0x0000000710600000, 0x0000000710600000| Untracked 
| 124|0x0000000710800000, 0x0000000710800000, 0x0000000710a00000|  0%| F|  |TAMS 0x0000000710800000, 0x0000000710800000| Untracked 
| 125|0x0000000710a00000, 0x0000000710a00000, 0x0000000710c00000|  0%| F|  |TAMS 0x0000000710a00000, 0x0000000710a00000| Untracked 
| 126|0x0000000710c00000, 0x0000000710d00800, 0x0000000710e00000| 50%| E|  |TAMS 0x0000000710c00000, 0x0000000710c00000| Complete 
| 127|0x0000000710e00000, 0x0000000711000000, 0x0000000711000000|100%| E|CS|TAMS 0x0000000710e00000, 0x0000000710e00000| Complete 

Card table byte_map: [0x00000262768f0000,0x00000262770f0000] _byte_map_base: 0x00000262730e8000

Marking Bits (Prev, Next): (CMBitMap*) 0x000002626d99f8e0, (CMBitMap*) 0x000002626d99f920
 Prev Bits: [0x00000262778f0000, 0x000002627b8b0000)
 Next Bits: [0x000002627b8b0000, 0x000002627f870000)

Polling page: 0x000002626b8e0000

Metaspace:

Usage:
  Non-class:      7.13 MB capacity,     7.01 MB ( 98%) used,   112.63 KB (  2%) free+waste,    10.56 KB ( <1%) overhead. 
      Class:    836.00 KB capacity,   766.74 KB ( 92%) used,    64.70 KB (  8%) free+waste,     4.56 KB ( <1%) overhead. 
       Both:      7.95 MB capacity,     7.76 MB ( 98%) used,   177.33 KB (  2%) free+waste,    15.12 KB ( <1%) overhead. 

Virtual space:
  Non-class space:        8.00 MB reserved,       7.25 MB ( 91%) committed 
      Class space:        1.00 GB reserved,     896.00 KB ( <1%) committed 
             Both:        1.01 GB reserved,       8.12 MB ( <1%) committed 

Chunk freelists:
   Non-Class:  57.00 KB
       Class:  28.00 KB
        Both:  85.00 KB

MaxMetaspaceSize: 17179869184.00 GB
CompressedClassSpaceSize: 1.00 GB

CodeHeap 'non-profiled nmethods': size=120000Kb used=1921Kb max_used=1921Kb free=118078Kb
 bounds [0x0000026207ad0000, 0x0000026207d40000, 0x000002620f000000]
CodeHeap 'profiled nmethods': size=120000Kb used=3546Kb max_used=3546Kb free=116453Kb
 bounds [0x00000262005a0000, 0x0000026200920000, 0x0000026207ad0000]
CodeHeap 'non-nmethods': size=5760Kb used=1260Kb max_used=1372Kb free=4499Kb
 bounds [0x0000026200000000, 0x0000026200270000, 0x00000262005a0000]
 total_blobs=2619 nmethods=2074 adapters=458
 compilation: enabled
              stopped_count=0, restarted_count=0
 full_count=0

Compilation events (20 events):
Event: 397.230 Thread 0x0000026211d4b710 2065 % !   4       sun.java2d.d3d.D3DScreenUpdateManager::run @ 0 (267 bytes)
Event: 397.255 Thread 0x0000026211d4b710 nmethod 2065% 0x0000026207ca6690 code [0x0000026207ca6940, 0x0000026207ca8750]
Event: 401.234 Thread 0x0000026211d4b710 2066 % !   4       sun.java2d.d3d.D3DScreenUpdateManager::run @ 105 (267 bytes)
Event: 401.258 Thread 0x0000026211d4b710 nmethod 2066% 0x0000026207ca9890 code [0x0000026207ca9b40, 0x0000026207caba50]
Event: 543.066 Thread 0x0000026211d4e4e0 2067   !   3       sun.java2d.pipe.BufferedMaskFill::MaskFill (247 bytes)
Event: 543.066 Thread 0x0000026211d4b710 2068       4       jdk.internal.misc.Unsafe::checkNativeAddress (28 bytes)
Event: 543.066 Thread 0x0000026211d4b710 nmethod 2068 0x0000026207cacc10 code [0x0000026207cacd80, 0x0000026207cacdd8]
Event: 543.067 Thread 0x0000026211d4e4e0 nmethod 2067 0x0000026200914090 code [0x0000026200914420, 0x0000026200915a78]
Event: 543.067 Thread 0x0000026211d4e4e0 2069       3       sun.java2d.pipe.RenderBuffer::put (9 bytes)
Event: 543.067 Thread 0x0000026211d4e4e0 nmethod 2069 0x0000026200916790 code [0x0000026200916940, 0x0000026200916a88]
Event: 543.067 Thread 0x0000026211d4b710 2070       4       jdk.internal.misc.Unsafe::checkSize (32 bytes)
Event: 543.068 Thread 0x0000026211d4b710 nmethod 2070 0x0000026207cacf10 code [0x0000026207cad080, 0x0000026207cad118]
Event: 543.068 Thread 0x0000026211d4b710 2071       4       jdk.internal.misc.Unsafe::copyMemory (33 bytes)
Event: 543.070 Thread 0x0000026211d4b710 nmethod 2071 0x0000026207cad210 code [0x0000026207cad3a0, 0x0000026207cad6f8]
Event: 543.072 Thread 0x0000026211d4b710 2072   !   4       sun.java2d.d3d.D3DMaskFill::validateContext (51 bytes)
Event: 543.073 Thread 0x0000026211d4b710 nmethod 2072 0x0000026207cada90 code [0x0000026207cadc20, 0x0000026207cadda8]
Event: 543.089 Thread 0x0000026211d4b710 2073       4       sun.java2d.pipe.RenderBuffer::put (87 bytes)
Event: 543.091 Thread 0x0000026211d4b710 nmethod 2073 0x0000026207cadf90 code [0x0000026207cae120, 0x0000026207cae2f8]
Event: 543.105 Thread 0x0000026211d4b710 2074   !   4       sun.java2d.pipe.BufferedMaskFill::MaskFill (247 bytes)
Event: 543.126 Thread 0x0000026211d4b710 nmethod 2074 0x0000026207cae590 code [0x0000026207cae7a0, 0x0000026207caf760]

GC Heap History (20 events):
Event: 451.455 GC heap before
{Heap before GC invocations=13 (full 0):
 garbage-first heap   total 262144K, used 154317K [0x0000000701000000, 0x0000000800000000)
  region size 2048K, 76 young (155648K), 2 survivors (4096K)
 Metaspace       used 7946K, capacity 8139K, committed 8320K, reserved 1056768K
  class space    used 766K, capacity 836K, committed 896K, reserved 1048576K
}
Event: 451.457 GC heap after
{Heap after GC invocations=14 (full 0):
 garbage-first heap   total 262144K, used 2769K [0x0000000701000000, 0x0000000800000000)
  region size 2048K, 2 young (4096K), 2 survivors (4096K)
 Metaspace       used 7946K, capacity 8139K, committed 8320K, reserved 1056768K
  class space    used 766K, capacity 836K, committed 896K, reserved 1048576K
}
Event: 488.514 GC heap before
{Heap before GC invocations=14 (full 0):
 garbage-first heap   total 262144K, used 154321K [0x0000000701000000, 0x0000000800000000)
  region size 2048K, 76 young (155648K), 2 survivors (4096K)
 Metaspace       used 7946K, capacity 8139K, committed 8320K, reserved 1056768K
  class space    used 766K, capacity 836K, committed 896K, reserved 1048576K
}
Event: 488.517 GC heap after
{Heap after GC invocations=15 (full 0):
 garbage-first heap   total 262144K, used 2774K [0x0000000701000000, 0x0000000800000000)
  region size 2048K, 2 young (4096K), 2 survivors (4096K)
 Metaspace       used 7946K, capacity 8139K, committed 8320K, reserved 1056768K
  class space    used 766K, capacity 836K, committed 896K, reserved 1048576K
}
Event: 525.573 GC heap before
{Heap before GC invocations=15 (full 0):
 garbage-first heap   total 262144K, used 154326K [0x0000000701000000, 0x0000000800000000)
  region size 2048K, 76 young (155648K), 2 survivors (4096K)
 Metaspace       used 7946K, capacity 8139K, committed 8320K, reserved 1056768K
  class space    used 766K, capacity 836K, committed 896K, reserved 1048576K
}
Event: 525.576 GC heap after
{Heap after GC invocations=16 (full 0):
 garbage-first heap   total 262144K, used 2996K [0x0000000701000000, 0x0000000800000000)
  region size 2048K, 1 young (2048K), 1 survivors (2048K)
 Metaspace       used 7946K, capacity 8139K, committed 8320K, reserved 1056768K
  class space    used 766K, capacity 836K, committed 896K, reserved 1048576K
}
Event: 562.951 GC heap before
{Heap before GC invocations=16 (full 0):
 garbage-first heap   total 262144K, used 156596K [0x0000000701000000, 0x0000000800000000)
  region size 2048K, 76 young (155648K), 1 survivors (2048K)
 Metaspace       used 7946K, capacity 8139K, committed 8320K, reserved 1056768K
  class space    used 766K, capacity 836K, committed 896K, reserved 1048576K
}
Event: 562.951 GC heap after
{Heap after GC invocations=17 (full 0):
 garbage-first heap   total 262144K, used 2947K [0x0000000701000000, 0x0000000800000000)
  region size 2048K, 1 young (2048K), 1 survivors (2048K)
 Metaspace       used 7946K, capacity 8139K, committed 8320K, reserved 1056768K
  class space    used 766K, capacity 836K, committed 896K, reserved 1048576K
}
Event: 600.314 GC heap before
{Heap before GC invocations=17 (full 0):
 garbage-first heap   total 262144K, used 156547K [0x0000000701000000, 0x0000000800000000)
  region size 2048K, 76 young (155648K), 1 survivors (2048K)
 Metaspace       used 7946K, capacity 8139K, committed 8320K, reserved 1056768K
  class space    used 766K, capacity 836K, committed 896K, reserved 1048576K
}
Event: 600.314 GC heap after
{Heap after GC invocations=18 (full 0):
 garbage-first heap   total 262144K, used 2953K [0x0000000701000000, 0x0000000800000000)
  region size 2048K, 1 young (2048K), 1 survivors (2048K)
 Metaspace       used 7946K, capacity 8139K, committed 8320K, reserved 1056768K
  class space    used 766K, capacity 836K, committed 896K, reserved 1048576K
}
Event: 638.063 GC heap before
{Heap before GC invocations=18 (full 0):
 garbage-first heap   total 262144K, used 156553K [0x0000000701000000, 0x0000000800000000)
  region size 2048K, 76 young (155648K), 1 survivors (2048K)
 Metaspace       used 7946K, capacity 8139K, committed 8320K, reserved 1056768K
  class space    used 766K, capacity 836K, committed 896K, reserved 1048576K
}
Event: 638.064 GC heap after
{Heap after GC invocations=19 (full 0):
 garbage-first heap   total 262144K, used 2938K [0x0000000701000000, 0x0000000800000000)
  region size 2048K, 1 young (2048K), 1 survivors (2048K)
 Metaspace       used 7946K, capacity 8139K, committed 8320K, reserved 1056768K
  class space    used 766K, capacity 836K, committed 896K, reserved 1048576K
}
Event: 675.628 GC heap before
{Heap before GC invocations=19 (full 0):
 garbage-first heap   total 262144K, used 156538K [0x0000000701000000, 0x0000000800000000)
  region size 2048K, 76 young (155648K), 1 survivors (2048K)
 Metaspace       used 7946K, capacity 8139K, committed 8320K, reserved 1056768K
  class space    used 766K, capacity 836K, committed 896K, reserved 1048576K
}
Event: 675.629 GC heap after
{Heap after GC invocations=20 (full 0):
 garbage-first heap   total 262144K, used 2951K [0x0000000701000000, 0x0000000800000000)
  region size 2048K, 1 young (2048K), 1 survivors (2048K)
 Metaspace       used 7946K, capacity 8139K, committed 8320K, reserved 1056768K
  class space    used 766K, capacity 836K, committed 896K, reserved 1048576K
}
Event: 713.248 GC heap before
{Heap before GC invocations=20 (full 0):
 garbage-first heap   total 262144K, used 156551K [0x0000000701000000, 0x0000000800000000)
  region size 2048K, 76 young (155648K), 1 survivors (2048K)
 Metaspace       used 7946K, capacity 8139K, committed 8320K, reserved 1056768K
  class space    used 766K, capacity 836K, committed 896K, reserved 1048576K
}
Event: 713.248 GC heap after
{Heap after GC invocations=21 (full 0):
 garbage-first heap   total 262144K, used 2949K [0x0000000701000000, 0x0000000800000000)
  region size 2048K, 1 young (2048K), 1 survivors (2048K)
 Metaspace       used 7946K, capacity 8139K, committed 8320K, reserved 1056768K
  class space    used 766K, capacity 836K, committed 896K, reserved 1048576K
}
Event: 750.986 GC heap before
{Heap before GC invocations=21 (full 0):
 garbage-first heap   total 262144K, used 156549K [0x0000000701000000, 0x0000000800000000)
  region size 2048K, 76 young (155648K), 1 survivors (2048K)
 Metaspace       used 7946K, capacity 8139K, committed 8320K, reserved 1056768K
  class space    used 766K, capacity 836K, committed 896K, reserved 1048576K
}
Event: 750.987 GC heap after
{Heap after GC invocations=22 (full 0):
 garbage-first heap   total 262144K, used 2953K [0x0000000701000000, 0x0000000800000000)
  region size 2048K, 1 young (2048K), 1 survivors (2048K)
 Metaspace       used 7946K, capacity 8139K, committed 8320K, reserved 1056768K
  class space    used 766K, capacity 836K, committed 896K, reserved 1048576K
}
Event: 788.741 GC heap before
{Heap before GC invocations=22 (full 0):
 garbage-first heap   total 262144K, used 156553K [0x0000000701000000, 0x0000000800000000)
  region size 2048K, 76 young (155648K), 1 survivors (2048K)
 Metaspace       used 7946K, capacity 8139K, committed 8320K, reserved 1056768K
  class space    used 766K, capacity 836K, committed 896K, reserved 1048576K
}
Event: 788.741 GC heap after
{Heap after GC invocations=23 (full 0):
 garbage-first heap   total 262144K, used 2953K [0x0000000701000000, 0x0000000800000000)
  region size 2048K, 1 young (2048K), 1 survivors (2048K)
 Metaspace       used 7946K, capacity 8139K, committed 8320K, reserved 1056768K
  class space    used 766K, capacity 836K, committed 896K, reserved 1048576K
}

Deoptimization events (20 events):
Event: 332.994 Thread 0x000002621935cd60 DEOPT PACKING pc=0x000002620090b5d4 sp=0x00000085e5f0f210
Event: 332.994 Thread 0x000002621935cd60 DEOPT UNPACKING pc=0x000002620004e23f sp=0x00000085e5f0e7a0 mode 0
Event: 336.998 Thread 0x000002621935cd60 Uncommon trap: trap_request=0xffffff45 fr.pc=0x0000026207c1053c relative=0x000000000000013c
Event: 336.998 Thread 0x000002621935cd60 Uncommon trap: reason=unstable_if action=reinterpret pc=0x0000026207c1053c method=java.util.concurrent.locks.ReentrantLock$NonfairSync.tryAcquire(I)Z @ 13 c2
Event: 336.998 Thread 0x000002621935cd60 DEOPT PACKING pc=0x0000026207c1053c sp=0x00000085e5f0f1b0
Event: 336.998 Thread 0x000002621935cd60 DEOPT UNPACKING pc=0x000002620004e42f sp=0x00000085e5f0f160 mode 2
Event: 340.825 Thread 0x00000262192f6910 Uncommon trap: trap_request=0xfffffff4 fr.pc=0x0000026207b4c324 relative=0x0000000000001d64
Event: 340.825 Thread 0x00000262192f6910 Uncommon trap: reason=null_check action=make_not_entrant pc=0x0000026207b4c324 method=sun.java2d.pipe.BufferedContext.validate(Lsun/java2d/pipe/hw/AccelSurface;Lsun/java2d/pipe/hw/AccelSurface;Lsun/java2d/pipe/Region;Ljava/awt/Composite;Ljava/awt/geom/Aff
Event: 340.825 Thread 0x00000262192f6910 DEOPT PACKING pc=0x0000026207b4c324 sp=0x00000085e5e0e8a0
Event: 340.825 Thread 0x00000262192f6910 DEOPT UNPACKING pc=0x000002620004e42f sp=0x00000085e5e0e828 mode 2
Event: 365.098 Thread 0x000002621935cd60 DEOPT PACKING pc=0x0000026200912db8 sp=0x00000085e5f0f200
Event: 365.098 Thread 0x000002621935cd60 DEOPT UNPACKING pc=0x000002620004e23f sp=0x00000085e5f0e7a0 mode 0
Event: 397.230 Thread 0x000002621935cd60 DEOPT PACKING pc=0x000002620090b5d4 sp=0x00000085e5f0f210
Event: 397.230 Thread 0x000002621935cd60 DEOPT UNPACKING pc=0x000002620004e23f sp=0x00000085e5f0e7a0 mode 0
Event: 429.350 Thread 0x000002621935cd60 DEOPT PACKING pc=0x0000026200912db8 sp=0x00000085e5f0f200
Event: 429.350 Thread 0x000002621935cd60 DEOPT UNPACKING pc=0x000002620004e23f sp=0x00000085e5f0e7a0 mode 0
Event: 543.065 Thread 0x00000262192f6910 Uncommon trap: trap_request=0xffffff45 fr.pc=0x0000026207b465a8 relative=0x00000000000007a8
Event: 543.065 Thread 0x00000262192f6910 Uncommon trap: reason=unstable_if action=reinterpret pc=0x0000026207b465a8 method=java.util.concurrent.locks.AbstractQueuedSynchronizer.signalNext(Ljava/util/concurrent/locks/AbstractQueuedSynchronizer$Node;)V @ 17 c2
Event: 543.065 Thread 0x00000262192f6910 DEOPT PACKING pc=0x0000026207b465a8 sp=0x00000085e5e0e780
Event: 543.065 Thread 0x00000262192f6910 DEOPT UNPACKING pc=0x000002620004e42f sp=0x00000085e5e0e4f0 mode 2

Classes unloaded (0 events):
No events

Classes redefined (0 events):
No events

Internal exceptions (14 events):
Event: 0.053 Thread 0x000002626b7bdff0 Exception <a 'java/lang/ClassNotFoundException'{0x0000000710f25110}: sun/awt/resources/spi/awtProvider> (0x0000000710f25110) 
thrown [./open/src/hotspot/share/classfile/systemDictionary.cpp, line 295]
Event: 0.075 Thread 0x000002626b7bdff0 Exception <a 'java/io/FileNotFoundException'{0x0000000710f862d0}> (0x0000000710f862d0) 
thrown [./open/src/hotspot/share/prims/jni.cpp, line 578]
Event: 0.081 Thread 0x000002626b7bdff0 Exception <a 'java/io/FileNotFoundException'{0x0000000710fb4b98}> (0x0000000710fb4b98) 
thrown [./open/src/hotspot/share/prims/jni.cpp, line 578]
Event: 0.081 Thread 0x000002626b7bdff0 Exception <a 'java/lang/NoSuchMethodError'{0x0000000710fb5ec8}: 'java.lang.Object java.lang.invoke.DirectMethodHandle$Holder.invokeStatic(java.lang.Object)'> (0x0000000710fb5ec8) 
thrown [./open/src/hotspot/share/interpreter/linkResolver.cpp, line 782]
Event: 0.089 Thread 0x000002626b7bdff0 Exception <a 'java/lang/NoSuchMethodError'{0x0000000710fcd240}: 'void java.lang.invoke.DirectMethodHandle$Holder.invokeSpecial(java.lang.Object, java.lang.Object, java.lang.Object)'> (0x0000000710fcd240) 
thrown [./open/src/hotspot/share/interpreter/linkResolver.cpp, line 782]
Event: 0.113 Thread 0x000002626b7bdff0 Exception <a 'java/lang/NoSuchMethodError'{0x0000000710c0dbc0}: 'java.lang.Object java.lang.invoke.DirectMethodHandle$Holder.invokeStaticInit(java.lang.Object)'> (0x0000000710c0dbc0) 
thrown [./open/src/hotspot/share/interpreter/linkResolver.cpp, line 782]
Event: 0.331 Thread 0x000002626b7bdff0 Exception <a 'java/lang/NoSuchMethodError'{0x0000000710d14bd8}: 'java.lang.Object java.lang.invoke.DirectMethodHandle$Holder.newInvokeSpecial(java.lang.Object, java.lang.Object, java.lang.Object, java.lang.Object, java.lang.Object)'> (0x0000000710d14bd8) 
thrown [./open/src/hotspot/share/interpreter/linkResolver.cpp, line 782]
Event: 0.332 Thread 0x000002626b7bdff0 Exception <a 'java/lang/NoSuchMethodError'{0x0000000710d20668}: 'java.lang.Object java.lang.invoke.DirectMethodHandle$Holder.invokeStatic(java.lang.Object, int, java.lang.Object, java.lang.Object, java.lang.Object, java.lang.Object)'> (0x0000000710d20668) 
thrown [./open/src/hotspot/share/interpreter/linkResolver.cpp, line 782]
Event: 0.335 Thread 0x000002626b7bdff0 Exception <a 'java/lang/NoSuchMethodError'{0x0000000710d46870}: 'java.lang.Object java.lang.invoke.DirectMethodHandle$Holder.invokeStatic(java.lang.Object, int, java.lang.Object)'> (0x0000000710d46870) 
thrown [./open/src/hotspot/share/interpreter/linkResolver.cpp, line 782]
Event: 0.351 Thread 0x000002626b7bdff0 Exception <a 'java/lang/ClassNotFoundException'{0x0000000710dfeaf8}: com/sun/swing/internal/plaf/metal/resources/spi/metalProvider> (0x0000000710dfeaf8) 
thrown [./open/src/hotspot/share/classfile/systemDictionary.cpp, line 295]
Event: 0.351 Thread 0x000002626b7bdff0 Exception <a 'java/lang/ClassNotFoundException'{0x0000000710a03128}: com/sun/swing/internal/plaf/basic/resources/spi/basicProvider> (0x0000000710a03128) 
thrown [./open/src/hotspot/share/classfile/systemDictionary.cpp, line 295]
Event: 0.387 Thread 0x000002626b7bdff0 Exception <a 'java/lang/NoSuchMethodError'{0x0000000710a544a8}: 'void java.lang.invoke.DirectMethodHandle$Holder.invokeStaticInit(java.lang.Object)'> (0x0000000710a544a8) 
thrown [./open/src/hotspot/share/interpreter/linkResolver.cpp, line 782]
Event: 0.442 Thread 0x00000262192f6910 Exception <a 'java/lang/NoSuchMethodError'{0x0000000710a8b108}: 'void java.lang.invoke.DirectMethodHandle$Holder.invokeStatic(java.lang.Object, java.lang.Object, java.lang.Object)'> (0x0000000710a8b108) 
thrown [./open/src/hotspot/share/interpreter/linkResolver.cpp, line 782]
Event: 340.825 Thread 0x00000262192f6910 Implicit null exception at 0x0000026207b4a7c2 to 0x0000026207b4c2f4

Events (20 events):
Event: 600.313 Executing VM operation: G1CollectForAllocation
Event: 600.314 Executing VM operation: G1CollectForAllocation done
Event: 600.314 Executing VM operation: HandshakeAllThreads
Event: 600.314 Executing VM operation: HandshakeAllThreads done
Event: 638.063 Executing VM operation: G1CollectForAllocation
Event: 638.064 Executing VM operation: G1CollectForAllocation done
Event: 638.064 Executing VM operation: HandshakeAllThreads
Event: 638.064 Executing VM operation: HandshakeAllThreads done
Event: 675.628 Executing VM operation: G1CollectForAllocation
Event: 675.629 Executing VM operation: G1CollectForAllocation done
Event: 713.248 Executing VM operation: G1CollectForAllocation
Event: 713.248 Executing VM operation: G1CollectForAllocation done
Event: 750.986 Executing VM operation: G1CollectForAllocation
Event: 750.987 Executing VM operation: G1CollectForAllocation done
Event: 750.987 Executing VM operation: HandshakeAllThreads
Event: 750.987 Executing VM operation: HandshakeAllThreads done
Event: 788.741 Executing VM operation: G1CollectForAllocation
Event: 788.742 Executing VM operation: G1CollectForAllocation done
Event: 788.742 Executing VM operation: HandshakeAllThreads
Event: 788.742 Executing VM operation: HandshakeAllThreads done


Dynamic libraries:
0x00007ff645840000 - 0x00007ff64584f000 	C:\Program Files\Java\jdk-15.0.1\bin\javaw.exe
0x00007ffd566b0000 - 0x00007ffd568a6000 	C:\Windows\SYSTEM32\ntdll.dll
0x00007ffd54cd0000 - 0x00007ffd54d8d000 	C:\Windows\System32\KERNEL32.DLL
0x00007ffd54450000 - 0x00007ffd54718000 	C:\Windows\System32\KERNELBASE.dll
0x00007ffd53e00000 - 0x00007ffd53f00000 	C:\Windows\System32\ucrtbase.dll
0x00007ffd37df0000 - 0x00007ffd37e08000 	C:\Program Files\Java\jdk-15.0.1\bin\jli.dll
0x00007ffd379e0000 - 0x00007ffd379f9000 	C:\Program Files\Java\jdk-15.0.1\bin\VCRUNTIME140.dll
0x00007ffd54890000 - 0x00007ffd5493a000 	C:\Windows\System32\ADVAPI32.dll
0x00007ffd55e30000 - 0x00007ffd55ece000 	C:\Windows\System32\msvcrt.dll
0x00007ffd56260000 - 0x00007ffd562fb000 	C:\Windows\System32\sechost.dll
0x00007ffd54940000 - 0x00007ffd54a64000 	C:\Windows\System32\RPCRT4.dll
0x00007ffd55c90000 - 0x00007ffd55e30000 	C:\Windows\System32\USER32.dll
0x00007ffd53f00000 - 0x00007ffd53f22000 	C:\Windows\System32\win32u.dll
0x00007ffd4a580000 - 0x00007ffd4a81b000 	C:\Windows\WinSxS\amd64_microsoft.windows.common-controls_6595b64144ccf1df_6.0.19041.488_none_ca04af081b815d21\COMCTL32.dll
0x00007ffd55be0000 - 0x00007ffd55c0a000 	C:\Windows\System32\GDI32.dll
0x00007ffd54000000 - 0x00007ffd54109000 	C:\Windows\System32\gdi32full.dll
0x00007ffd54170000 - 0x00007ffd5420d000 	C:\Windows\System32\msvcp_win.dll
0x00007ffd4e230000 - 0x00007ffd4e23a000 	C:\Windows\SYSTEM32\VERSION.dll
0x00007ffd55320000 - 0x00007ffd55350000 	C:\Windows\System32\IMM32.DLL
0x00007ffd43940000 - 0x00007ffd4394c000 	C:\Program Files\Java\jdk-15.0.1\bin\vcruntime140_1.dll
0x00007ffd29650000 - 0x00007ffd296e1000 	C:\Program Files\Java\jdk-15.0.1\bin\msvcp140.dll
0x00007ffd13f00000 - 0x00007ffd14a5e000 	C:\Program Files\Java\jdk-15.0.1\bin\server\jvm.dll
0x00007ffd54880000 - 0x00007ffd54888000 	C:\Windows\System32\PSAPI.DLL
0x00007ffd4a9d0000 - 0x00007ffd4a9f7000 	C:\Windows\SYSTEM32\WINMM.dll
0x00007ffd43380000 - 0x00007ffd43389000 	C:\Windows\SYSTEM32\WSOCK32.dll
0x00007ffd561f0000 - 0x00007ffd5625b000 	C:\Windows\System32\WS2_32.dll
0x00007ffd51d70000 - 0x00007ffd51d82000 	C:\Windows\SYSTEM32\kernel.appcore.dll
0x00007ffd425c0000 - 0x00007ffd425ca000 	C:\Program Files\Java\jdk-15.0.1\bin\jimage.dll
0x00007ffd49040000 - 0x00007ffd49224000 	C:\Windows\SYSTEM32\DBGHELP.DLL
0x00007ffd44f50000 - 0x00007ffd44f7c000 	C:\Windows\SYSTEM32\dbgcore.DLL
0x00007ffd53f80000 - 0x00007ffd53fff000 	C:\Windows\System32\bcryptPrimitives.dll
0x00007ffd36290000 - 0x00007ffd362b5000 	C:\Program Files\Java\jdk-15.0.1\bin\java.dll
0x00007ffd55480000 - 0x00007ffd55bc0000 	C:\Windows\System32\SHELL32.dll
0x00007ffd51f70000 - 0x00007ffd52704000 	C:\Windows\SYSTEM32\windows.storage.dll
0x00007ffd56300000 - 0x00007ffd56655000 	C:\Windows\System32\combase.dll
0x00007ffd53870000 - 0x00007ffd5389c000 	C:\Windows\SYSTEM32\Wldp.dll
0x00007ffd560e0000 - 0x00007ffd5618e000 	C:\Windows\System32\SHCORE.dll
0x00007ffd56190000 - 0x00007ffd561e5000 	C:\Windows\System32\shlwapi.dll
0x00007ffd53d30000 - 0x00007ffd53d56000 	C:\Windows\SYSTEM32\profapi.dll
0x00007ffd1aff0000 - 0x00007ffd1b170000 	C:\Program Files\Java\jdk-15.0.1\bin\awt.dll
0x00007ffd54a70000 - 0x00007ffd54b3d000 	C:\Windows\System32\OLEAUT32.dll
0x00007ffd51720000 - 0x00007ffd517b0000 	C:\Windows\SYSTEM32\apphelp.dll
0x00007ffd51b90000 - 0x00007ffd51bbf000 	C:\Windows\system32\DWMAPI.DLL
0x00007ffd518b0000 - 0x00007ffd5194f000 	C:\Windows\system32\uxtheme.dll
0x00007ffd1aec0000 - 0x00007ffd1afe5000 	C:\Windows\system32\opengl32.dll
0x00007ffd43b90000 - 0x00007ffd43bbc000 	C:\Windows\SYSTEM32\GLU32.dll
0x00007ffd54d90000 - 0x00007ffd54ea5000 	C:\Windows\System32\MSCTF.dll
0x00007ffd55350000 - 0x00007ffd5547a000 	C:\Windows\System32\ole32.dll
0x00007ffd43f00000 - 0x00007ffd440ce000 	C:\Windows\system32\d3d9.dll
0x00007ffd4aac0000 - 0x00007ffd4abae000 	C:\Windows\System32\DriverStore\FileRepository\nv_dispi.inf_amd64_90685a092bcf58c7\nvldumdx.dll
0x00007ffd54210000 - 0x00007ffd5436d000 	C:\Windows\System32\crypt32.dll
0x00007ffd54110000 - 0x00007ffd54170000 	C:\Windows\System32\WINTRUST.DLL
0x00007ffd539f0000 - 0x00007ffd53a02000 	C:\Windows\SYSTEM32\MSASN1.dll
0x00007ffd55bc0000 - 0x00007ffd55bdd000 	C:\Windows\System32\imagehlp.dll
0x00007ffd537d0000 - 0x00007ffd537e8000 	C:\Windows\SYSTEM32\CRYPTSP.dll
0x00007ffd52f10000 - 0x00007ffd52f44000 	C:\Windows\system32\rsaenh.dll
0x00007ffd54420000 - 0x00007ffd54447000 	C:\Windows\System32\bcrypt.dll
0x00007ffd537c0000 - 0x00007ffd537cc000 	C:\Windows\SYSTEM32\CRYPTBASE.dll
0x00007ffcf5440000 - 0x00007ffcf68db000 	C:\Windows\System32\DriverStore\FileRepository\nv_dispi.inf_amd64_90685a092bcf58c7\nvd3dumx.dll
0x00007ffd53400000 - 0x00007ffd5344b000 	C:\Windows\system32\powrprof.dll
0x00007ffd53270000 - 0x00007ffd53282000 	C:\Windows\SYSTEM32\UMPDC.dll
0x00007ffd52720000 - 0x00007ffd52743000 	C:\Windows\SYSTEM32\gpapi.dll
0x00007ffd3d930000 - 0x00007ffd3d961000 	C:\Windows\SYSTEM32\cryptnet.dll
0x00007ffd4aeb0000 - 0x00007ffd4aeeb000 	C:\Windows\SYSTEM32\dxcore.dll
0x00007ffd53f30000 - 0x00007ffd53f7e000 	C:\Windows\System32\cfgmgr32.dll
0x00007ffd2ea40000 - 0x00007ffd2eac5000 	C:\Program Files\Java\jdk-15.0.1\bin\freetype.dll
0x00007ffd27500000 - 0x00007ffd275a9000 	C:\Program Files\Java\jdk-15.0.1\bin\fontmanager.dll
0x00007ffd43840000 - 0x00007ffd4393c000 	C:\Windows\SYSTEM32\textinputframework.dll
0x00007ffd51070000 - 0x00007ffd513ce000 	C:\Windows\System32\CoreUIComponents.dll
0x00007ffd513e0000 - 0x00007ffd514d2000 	C:\Windows\System32\CoreMessaging.dll
0x00007ffd52b40000 - 0x00007ffd52b73000 	C:\Windows\SYSTEM32\ntmarta.dll
0x00007ffd4fd10000 - 0x00007ffd4fe66000 	C:\Windows\SYSTEM32\wintypes.dll
0x00007ffd4acd0000 - 0x00007ffd4ace9000 	C:\Program Files\Java\jdk-15.0.1\bin\net.dll
0x00007ffd4f2b0000 - 0x00007ffd4f3b0000 	C:\Windows\SYSTEM32\WINHTTP.dll
0x00007ffd535f0000 - 0x00007ffd5365a000 	C:\Windows\system32\mswsock.dll
0x00007ffd3a010000 - 0x00007ffd3a022000 	C:\Program Files\Java\jdk-15.0.1\bin\nio.dll

dbghelp: loaded successfully - version: 4.0.5 - missing functions: none
symbol engine: initialized successfully - sym options: 0x614 - pdb path: .;C:\Program Files\Java\jdk-15.0.1\bin;C:\Windows\SYSTEM32;C:\Windows\WinSxS\amd64_microsoft.windows.common-controls_6595b64144ccf1df_6.0.19041.488_none_ca04af081b815d21;C:\Program Files\Java\jdk-15.0.1\bin\server;C:\Windows\System32\DriverStore\FileRepository\nv_dispi.inf_amd64_90685a092bcf58c7

VM Arguments:
jvm_args: -Dfile.encoding=Cp1252 -XX:+ShowCodeDetailsInExceptionMessages 
java_command: infrastructure.Main
java_class_path (initial): C:\Users\mfsch\git\Schach\bin
Launcher Type: SUN_STANDARD

[Global flags]
     intx CICompilerCount                          = 4                                         {product} {ergonomic}
     uint ConcGCThreads                            = 3                                         {product} {ergonomic}
     uint G1ConcRefinementThreads                  = 10                                        {product} {ergonomic}
   size_t G1HeapRegionSize                         = 2097152                                   {product} {ergonomic}
    uintx GCDrainStackTargetSize                   = 64                                        {product} {ergonomic}
   size_t InitialHeapSize                          = 268435456                                 {product} {ergonomic}
   size_t MarkStackSize                            = 4194304                                   {product} {ergonomic}
   size_t MaxHeapSize                              = 4278190080                                {product} {ergonomic}
   size_t MaxNewSize                               = 2566914048                                {product} {ergonomic}
   size_t MinHeapDeltaBytes                        = 2097152                                   {product} {ergonomic}
   size_t MinHeapSize                              = 8388608                                   {product} {ergonomic}
    uintx NonNMethodCodeHeapSize                   = 5839372                                {pd product} {ergonomic}
    uintx NonProfiledCodeHeapSize                  = 122909434                              {pd product} {ergonomic}
    uintx ProfiledCodeHeapSize                     = 122909434                              {pd product} {ergonomic}
    uintx ReservedCodeCacheSize                    = 251658240                              {pd product} {ergonomic}
     bool SegmentedCodeCache                       = true                                      {product} {ergonomic}
     bool ShowCodeDetailsInExceptionMessages       = true                                   {manageable} {command line}
   size_t SoftMaxHeapSize                          = 4278190080                             {manageable} {ergonomic}
     bool UseCompressedClassPointers               = true                                 {lp64_product} {ergonomic}
     bool UseCompressedOops                        = true                                 {lp64_product} {ergonomic}
     bool UseG1GC                                  = true                                      {product} {ergonomic}
     bool UseLargePagesIndividualAllocation        = false                                  {pd product} {ergonomic}

Logging:
Log output configuration:
 #0: stdout all=warning uptime,level,tags
 #1: stderr all=off uptime,level,tags

Environment Variables:
JAVA_HOME=C:\Program Files\Java\jdk-15.0.1
PATH=C:\Program Files\Oculus\Support\oculus-runtime;C:\Program Files\Common Files\Oracle\Java\javapath;C:\Program Files (x86)\Common Files\Oracle\Java\javapath;C:\Windows\system32;C:\Windows;C:\Windows\System32\Wbem;C:\Windows\System32\WindowsPowerShell\v1.0\;C:\Windows\System32\OpenSSH\;C:\Program Files\Git\cmd;C:\TDM-GCC-64\bin;C:\Users\mfsch\AppData\Local\Microsoft\WindowsApps;;C:\Users\mfsch\AppData\Local\Programs\Microsoft VS Code\bin
USERNAME=mfsch
OS=Windows_NT
PROCESSOR_IDENTIFIER=AMD64 Family 23 Model 8 Stepping 2, AuthenticAMD



---------------  S Y S T E M  ---------------

OS:
 Windows 10 , 64 bit Build 19041 (10.0.19041.546)
OS uptime: 3 days 5:02 hours

CPU: total 12 (initial active 12) (12 cores per cpu, 2 threads per core) family 23 model 8 stepping 2 microcode 0x0, cmov, cx8, fxsr, mmx, sse, sse2, sse3, ssse3, sse4.1, sse4.2, popcnt, vzeroupper, avx, avx2, aes, clmul, 3dnowpref, lzcnt, sse4a, ht, tsc, tscinvbit, tscinv, bmi1, bmi2, adx, sha, fma, clflush, clflushopt

Memory: 4k page, system-wide physical 16317M (8842M free)
TotalPageFile size 18749M (AvailPageFile size 6909M)
current process WorkingSet (physical memory assigned to process): 242M, peak: 314M
current process commit charge ("private bytes"): 425M, peak: 505M

vm_info: Java HotSpot(TM) 64-Bit Server VM (15.0.1+9-18) for windows-amd64 JRE (15.0.1+9-18), built on Sep 15 2020 14:43:54 by "mach5one" with unknown MS VC++:1925

END.
